This is pdfTeX, Version 3.141592653-2.6-1.40.25 (TeX Live 2023/Debian) (preloaded format=pdflatex 2024.12.4)  28 FEB 2026 12:31
entering extended mode
 restricted \write18 enabled.
 %&-line parsing enabled.
**main.tex
(./main.tex
LaTeX2e <2023-11-01> patch level 1
L3 programming layer <2024-01-22>
(/usr/share/texlive/texmf-dist/tex/latex/beamer/beamer.cls
Document Class: beamer 2024/01/06 v3.71 A class for typesetting presentations
(/usr/share/texlive/texmf-dist/tex/latex/beamer/beamerbasemodes.sty
(/usr/share/texlive/texmf-dist/tex/latex/etoolbox/etoolbox.sty
Package: etoolbox 2020/10/05 v2.5k e-TeX tools for LaTeX (JAW)
\etb@tempcnta=\count187
)
\beamer@tempbox=\box51
\beamer@tempcount=\count188
\c@beamerpauses=\count189

(/usr/share/texlive/texmf-dist/tex/latex/beamer/beamerbasedecode.sty
\beamer@slideinframe=\count190
\beamer@minimum=\count191
\beamer@decode@box=\box52
)
\beamer@commentbox=\box53
\beamer@modecount=\count192
)
(/usr/share/texlive/texmf-dist/tex/generic/iftex/iftex.sty
Package: iftex 2022/02/03 v1.0f TeX engine tests
)
\headdp=\dimen140
\footheight=\dimen141
\sidebarheight=\dimen142
\beamer@tempdim=\dimen143
\beamer@finalheight=\dimen144
\beamer@animht=\dimen145
\beamer@animdp=\dimen146
\beamer@animwd=\dimen147
\beamer@leftmargin=\dimen148
\beamer@rightmargin=\dimen149
\beamer@leftsidebar=\dimen150
\beamer@rightsidebar=\dimen151
\beamer@boxsize=\dimen152
\beamer@vboxoffset=\dimen153
\beamer@descdefault=\dimen154
\beamer@descriptionwidth=\dimen155
\beamer@lastskip=\skip48
\beamer@areabox=\box54
\beamer@animcurrent=\box55
\beamer@animshowbox=\box56
\beamer@sectionbox=\box57
\beamer@logobox=\box58
\beamer@linebox=\box59
\beamer@sectioncount=\count193
\beamer@subsubsectionmax=\count194
\beamer@subsectionmax=\count195
\beamer@sectionmax=\count196
\beamer@totalheads=\count197
\beamer@headcounter=\count198
\beamer@partstartpage=\count199
\beamer@sectionstartpage=\count266
\beamer@subsectionstartpage=\count267
\beamer@animationtempa=\count268
\beamer@animationtempb=\count269
\beamer@xpos=\count270
\beamer@ypos=\count271
\beamer@ypos@offset=\count272
\beamer@showpartnumber=\count273
\beamer@currentsubsection=\count274
\beamer@coveringdepth=\count275
\beamer@sectionadjust=\count276
\beamer@toclastsection=\count277
\beamer@tocsectionnumber=\count278

(/usr/share/texlive/texmf-dist/tex/latex/beamer/beamerbaseoptions.sty
(/usr/share/texlive/texmf-dist/tex/latex/graphics/keyval.sty
Package: keyval 2022/05/29 v1.15 key=value parser (DPC)
\KV@toks@=\toks17
))
\beamer@paperwidth=\skip49
\beamer@paperheight=\skip50

(/usr/share/texlive/texmf-dist/tex/latex/geometry/geometry.sty
Package: geometry 2020/01/02 v5.9 Page Geometry

(/usr/share/texlive/texmf-dist/tex/generic/iftex/ifvtex.sty
Package: ifvtex 2019/10/25 v1.7 ifvtex legacy package. Use iftex instead.
)
\Gm@cnth=\count279
\Gm@cntv=\count280
\c@Gm@tempcnt=\count281
\Gm@bindingoffset=\dimen156
\Gm@wd@mp=\dimen157
\Gm@odd@mp=\dimen158
\Gm@even@mp=\dimen159
\Gm@layoutwidth=\dimen160
\Gm@layoutheight=\dimen161
\Gm@layouthoffset=\dimen162
\Gm@layoutvoffset=\dimen163
\Gm@dimlist=\toks18
)
(/usr/share/texlive/texmf-dist/tex/latex/pgf/math/pgfmath.sty
(/usr/share/texlive/texmf-dist/tex/latex/pgf/utilities/pgfrcs.sty
(/usr/share/texlive/texmf-dist/tex/generic/pgf/utilities/pgfutil-common.tex
\pgfutil@everybye=\toks19
\pgfutil@tempdima=\dimen164
\pgfutil@tempdimb=\dimen165
)
(/usr/share/texlive/texmf-dist/tex/generic/pgf/utilities/pgfutil-latex.def
\pgfutil@abb=\box60
)
(/usr/share/texlive/texmf-dist/tex/generic/pgf/utilities/pgfrcs.code.tex
(/usr/share/texlive/texmf-dist/tex/generic/pgf/pgf.revision.tex)
Package: pgfrcs 2023-01-15 v3.1.10 (3.1.10)
))
(/usr/share/texlive/texmf-dist/tex/latex/pgf/utilities/pgfkeys.sty
(/usr/share/texlive/texmf-dist/tex/generic/pgf/utilities/pgfkeys.code.tex
\pgfkeys@pathtoks=\toks20
\pgfkeys@temptoks=\toks21

(/usr/share/texlive/texmf-dist/tex/generic/pgf/utilities/pgfkeyslibraryfiltered
.code.tex
\pgfkeys@tmptoks=\toks22
)))
(/usr/share/texlive/texmf-dist/tex/generic/pgf/math/pgfmath.code.tex
(/usr/share/texlive/texmf-dist/tex/generic/pgf/math/pgfmathutil.code.tex
\pgf@x=\dimen166
\pgf@xa=\dimen167
\pgf@xb=\dimen168
\pgf@xc=\dimen169
\pgf@y=\dimen170
\pgf@ya=\dimen171
\pgf@yb=\dimen172
\pgf@yc=\dimen173
\c@pgf@counta=\count282
\c@pgf@countb=\count283
\c@pgf@countc=\count284
\c@pgf@countd=\count285
)
(/usr/share/texlive/texmf-dist/tex/generic/pgf/math/pgfmathparser.code.tex
\pgfmath@dimen=\dimen174
\pgfmath@count=\count286
\pgfmath@box=\box61
\pgfmath@toks=\toks23
\pgfmath@stack@operand=\toks24
\pgfmath@stack@operation=\toks25
)
(/usr/share/texlive/texmf-dist/tex/generic/pgf/math/pgfmathfunctions.code.tex)
(/usr/share/texlive/texmf-dist/tex/generic/pgf/math/pgfmathfunctions.basic.code
.tex)
(/usr/share/texlive/texmf-dist/tex/generic/pgf/math/pgfmathfunctions.trigonomet
ric.code.tex)
(/usr/share/texlive/texmf-dist/tex/generic/pgf/math/pgfmathfunctions.random.cod
e.tex)
(/usr/share/texlive/texmf-dist/tex/generic/pgf/math/pgfmathfunctions.comparison
.code.tex)
(/usr/share/texlive/texmf-dist/tex/generic/pgf/math/pgfmathfunctions.base.code.
tex)
(/usr/share/texlive/texmf-dist/tex/generic/pgf/math/pgfmathfunctions.round.code
.tex)
(/usr/share/texlive/texmf-dist/tex/generic/pgf/math/pgfmathfunctions.misc.code.
tex)
(/usr/share/texlive/texmf-dist/tex/generic/pgf/math/pgfmathfunctions.integerari
thmetics.code.tex)
(/usr/share/texlive/texmf-dist/tex/generic/pgf/math/pgfmathcalc.code.tex)
(/usr/share/texlive/texmf-dist/tex/generic/pgf/math/pgfmathfloat.code.tex
\c@pgfmathroundto@lastzeros=\count287
)))
(/usr/share/texlive/texmf-dist/tex/latex/base/size11.clo
File: size11.clo 2023/05/17 v1.4n Standard LaTeX file (size option)
)
(/usr/share/texlive/texmf-dist/tex/latex/pgf/basiclayer/pgfcore.sty
(/usr/share/texlive/texmf-dist/tex/latex/graphics/graphicx.sty
Package: graphicx 2021/09/16 v1.2d Enhanced LaTeX Graphics (DPC,SPQR)

(/usr/share/texlive/texmf-dist/tex/latex/graphics/graphics.sty
Package: graphics 2022/03/10 v1.4e Standard LaTeX Graphics (DPC,SPQR)

(/usr/share/texlive/texmf-dist/tex/latex/graphics/trig.sty
Package: trig 2021/08/11 v1.11 sin cos tan (DPC)
)
(/usr/share/texlive/texmf-dist/tex/latex/graphics-cfg/graphics.cfg
File: graphics.cfg 2016/06/04 v1.11 sample graphics configuration
)
Package graphics Info: Driver file: pdftex.def on input line 107.

(/usr/share/texlive/texmf-dist/tex/latex/graphics-def/pdftex.def
File: pdftex.def 2022/09/22 v1.2b Graphics/color driver for pdftex
))
\Gin@req@height=\dimen175
\Gin@req@width=\dimen176
)
(/usr/share/texlive/texmf-dist/tex/latex/pgf/systemlayer/pgfsys.sty
(/usr/share/texlive/texmf-dist/tex/generic/pgf/systemlayer/pgfsys.code.tex
Package: pgfsys 2023-01-15 v3.1.10 (3.1.10)
\pgf@x=\dimen177
\pgf@y=\dimen178
\pgf@xa=\dimen179
\pgf@ya=\dimen180
\pgf@xb=\dimen181
\pgf@yb=\dimen182
\pgf@xc=\dimen183
\pgf@yc=\dimen184
\pgf@xd=\dimen185
\pgf@yd=\dimen186
\w@pgf@writea=\write3
\r@pgf@reada=\read2
\c@pgf@counta=\count288
\c@pgf@countb=\count289
\c@pgf@countc=\count290
\c@pgf@countd=\count291
\t@pgf@toka=\toks26
\t@pgf@tokb=\toks27
\t@pgf@tokc=\toks28
\pgf@sys@id@count=\count292

(/usr/share/texlive/texmf-dist/tex/generic/pgf/systemlayer/pgf.cfg
File: pgf.cfg 2023-01-15 v3.1.10 (3.1.10)
)
Driver file for pgf: pgfsys-pdftex.def

(/usr/share/texlive/texmf-dist/tex/generic/pgf/systemlayer/pgfsys-pdftex.def
File: pgfsys-pdftex.def 2023-01-15 v3.1.10 (3.1.10)

(/usr/share/texlive/texmf-dist/tex/generic/pgf/systemlayer/pgfsys-common-pdf.de
f
File: pgfsys-common-pdf.def 2023-01-15 v3.1.10 (3.1.10)
)))
(/usr/share/texlive/texmf-dist/tex/generic/pgf/systemlayer/pgfsyssoftpath.code.
tex
File: pgfsyssoftpath.code.tex 2023-01-15 v3.1.10 (3.1.10)
\pgfsyssoftpath@smallbuffer@items=\count293
\pgfsyssoftpath@bigbuffer@items=\count294
)
(/usr/share/texlive/texmf-dist/tex/generic/pgf/systemlayer/pgfsysprotocol.code.
tex
File: pgfsysprotocol.code.tex 2023-01-15 v3.1.10 (3.1.10)
)) (/usr/share/texlive/texmf-dist/tex/latex/xcolor/xcolor.sty
Package: xcolor 2023/11/15 v3.01 LaTeX color extensions (UK)

(/usr/share/texlive/texmf-dist/tex/latex/graphics-cfg/color.cfg
File: color.cfg 2016/01/02 v1.6 sample color configuration
)
Package xcolor Info: Driver file: pdftex.def on input line 274.

(/usr/share/texlive/texmf-dist/tex/latex/graphics/mathcolor.ltx)
Package xcolor Info: Model `cmy' substituted by `cmy0' on input line 1350.
Package xcolor Info: Model `hsb' substituted by `rgb' on input line 1354.
Package xcolor Info: Model `RGB' extended on input line 1366.
Package xcolor Info: Model `HTML' substituted by `rgb' on input line 1368.
Package xcolor Info: Model `Hsb' substituted by `hsb' on input line 1369.
Package xcolor Info: Model `tHsb' substituted by `hsb' on input line 1370.
Package xcolor Info: Model `HSB' substituted by `hsb' on input line 1371.
Package xcolor Info: Model `Gray' substituted by `gray' on input line 1372.
Package xcolor Info: Model `wave' substituted by `hsb' on input line 1373.
)
(/usr/share/texlive/texmf-dist/tex/generic/pgf/basiclayer/pgfcore.code.tex
Package: pgfcore 2023-01-15 v3.1.10 (3.1.10)

(/usr/share/texlive/texmf-dist/tex/generic/pgf/math/pgfint.code.tex)
(/usr/share/texlive/texmf-dist/tex/generic/pgf/basiclayer/pgfcorepoints.code.te
x
File: pgfcorepoints.code.tex 2023-01-15 v3.1.10 (3.1.10)
\pgf@picminx=\dimen187
\pgf@picmaxx=\dimen188
\pgf@picminy=\dimen189
\pgf@picmaxy=\dimen190
\pgf@pathminx=\dimen191
\pgf@pathmaxx=\dimen192
\pgf@pathminy=\dimen193
\pgf@pathmaxy=\dimen194
\pgf@xx=\dimen195
\pgf@xy=\dimen196
\pgf@yx=\dimen197
\pgf@yy=\dimen198
\pgf@zx=\dimen199
\pgf@zy=\dimen256
)
(/usr/share/texlive/texmf-dist/tex/generic/pgf/basiclayer/pgfcorepathconstruct.
code.tex
File: pgfcorepathconstruct.code.tex 2023-01-15 v3.1.10 (3.1.10)
\pgf@path@lastx=\dimen257
\pgf@path@lasty=\dimen258
)
(/usr/share/texlive/texmf-dist/tex/generic/pgf/basiclayer/pgfcorepathusage.code
.tex
File: pgfcorepathusage.code.tex 2023-01-15 v3.1.10 (3.1.10)
\pgf@shorten@end@additional=\dimen259
\pgf@shorten@start@additional=\dimen260
)
(/usr/share/texlive/texmf-dist/tex/generic/pgf/basiclayer/pgfcorescopes.code.te
x
File: pgfcorescopes.code.tex 2023-01-15 v3.1.10 (3.1.10)
\pgfpic=\box62
\pgf@hbox=\box63
\pgf@layerbox@main=\box64
\pgf@picture@serial@count=\count295
)
(/usr/share/texlive/texmf-dist/tex/generic/pgf/basiclayer/pgfcoregraphicstate.c
ode.tex
File: pgfcoregraphicstate.code.tex 2023-01-15 v3.1.10 (3.1.10)
\pgflinewidth=\dimen261
)
(/usr/share/texlive/texmf-dist/tex/generic/pgf/basiclayer/pgfcoretransformation
s.code.tex
File: pgfcoretransformations.code.tex 2023-01-15 v3.1.10 (3.1.10)
\pgf@pt@x=\dimen262
\pgf@pt@y=\dimen263
\pgf@pt@temp=\dimen264
)
(/usr/share/texlive/texmf-dist/tex/generic/pgf/basiclayer/pgfcorequick.code.tex
File: pgfcorequick.code.tex 2023-01-15 v3.1.10 (3.1.10)
)
(/usr/share/texlive/texmf-dist/tex/generic/pgf/basiclayer/pgfcoreobjects.code.t
ex
File: pgfcoreobjects.code.tex 2023-01-15 v3.1.10 (3.1.10)
)
(/usr/share/texlive/texmf-dist/tex/generic/pgf/basiclayer/pgfcorepathprocessing
.code.tex
File: pgfcorepathprocessing.code.tex 2023-01-15 v3.1.10 (3.1.10)
)
(/usr/share/texlive/texmf-dist/tex/generic/pgf/basiclayer/pgfcorearrows.code.te
x
File: pgfcorearrows.code.tex 2023-01-15 v3.1.10 (3.1.10)
\pgfarrowsep=\dimen265
)
(/usr/share/texlive/texmf-dist/tex/generic/pgf/basiclayer/pgfcoreshade.code.tex
File: pgfcoreshade.code.tex 2023-01-15 v3.1.10 (3.1.10)
\pgf@max=\dimen266
\pgf@sys@shading@range@num=\count296
\pgf@shadingcount=\count297
)
(/usr/share/texlive/texmf-dist/tex/generic/pgf/basiclayer/pgfcoreimage.code.tex
File: pgfcoreimage.code.tex 2023-01-15 v3.1.10 (3.1.10)
)
(/usr/share/texlive/texmf-dist/tex/generic/pgf/basiclayer/pgfcoreexternal.code.
tex
File: pgfcoreexternal.code.tex 2023-01-15 v3.1.10 (3.1.10)
\pgfexternal@startupbox=\box65
)
(/usr/share/texlive/texmf-dist/tex/generic/pgf/basiclayer/pgfcorelayers.code.te
x
File: pgfcorelayers.code.tex 2023-01-15 v3.1.10 (3.1.10)
)
(/usr/share/texlive/texmf-dist/tex/generic/pgf/basiclayer/pgfcoretransparency.c
ode.tex
File: pgfcoretransparency.code.tex 2023-01-15 v3.1.10 (3.1.10)
)
(/usr/share/texlive/texmf-dist/tex/generic/pgf/basiclayer/pgfcorepatterns.code.
tex
File: pgfcorepatterns.code.tex 2023-01-15 v3.1.10 (3.1.10)
)
(/usr/share/texlive/texmf-dist/tex/generic/pgf/basiclayer/pgfcorerdf.code.tex
File: pgfcorerdf.code.tex 2023-01-15 v3.1.10 (3.1.10)
))) (/usr/share/texlive/texmf-dist/tex/latex/pgf/utilities/xxcolor.sty
Package: xxcolor 2003/10/24 ver 0.1
\XC@nummixins=\count298
\XC@countmixins=\count299
)
(/usr/share/texlive/texmf-dist/tex/latex/base/atbegshi-ltx.sty
Package: atbegshi-ltx 2021/01/10 v1.0c Emulation of the original atbegshi
package with kernel methods
)
(/usr/share/texlive/texmf-dist/tex/latex/hyperref/hyperref.sty
Package: hyperref 2024-01-20 v7.01h Hypertext links for LaTeX

(/usr/share/texlive/texmf-dist/tex/latex/kvsetkeys/kvsetkeys.sty
Package: kvsetkeys 2022-10-05 v1.19 Key value parser (HO)
)
(/usr/share/texlive/texmf-dist/tex/generic/kvdefinekeys/kvdefinekeys.sty
Package: kvdefinekeys 2019-12-19 v1.6 Define keys (HO)
)
(/usr/share/texlive/texmf-dist/tex/generic/pdfescape/pdfescape.sty
Package: pdfescape 2019/12/09 v1.15 Implements pdfTeX's escape features (HO)

(/usr/share/texlive/texmf-dist/tex/generic/ltxcmds/ltxcmds.sty
Package: ltxcmds 2023-12-04 v1.26 LaTeX kernel commands for general use (HO)
)
(/usr/share/texlive/texmf-dist/tex/generic/pdftexcmds/pdftexcmds.sty
Package: pdftexcmds 2020-06-27 v0.33 Utility functions of pdfTeX for LuaTeX (HO
)

(/usr/share/texlive/texmf-dist/tex/generic/infwarerr/infwarerr.sty
Package: infwarerr 2019/12/03 v1.5 Providing info/warning/error messages (HO)
)
Package pdftexcmds Info: \pdf@primitive is available.
Package pdftexcmds Info: \pdf@ifprimitive is available.
Package pdftexcmds Info: \pdfdraftmode found.
))
(/usr/share/texlive/texmf-dist/tex/latex/hycolor/hycolor.sty
Package: hycolor 2020-01-27 v1.10 Color options for hyperref/bookmark (HO)
)
(/usr/share/texlive/texmf-dist/tex/latex/auxhook/auxhook.sty
Package: auxhook 2019-12-17 v1.6 Hooks for auxiliary files (HO)
)
(/usr/share/texlive/texmf-dist/tex/latex/hyperref/nameref.sty
Package: nameref 2023-11-26 v2.56 Cross-referencing by name of section

(/usr/share/texlive/texmf-dist/tex/latex/refcount/refcount.sty
Package: refcount 2019/12/15 v3.6 Data extraction from label references (HO)
)
(/usr/share/texlive/texmf-dist/tex/generic/gettitlestring/gettitlestring.sty
Package: gettitlestring 2019/12/15 v1.6 Cleanup title references (HO)

(/usr/share/texlive/texmf-dist/tex/latex/kvoptions/kvoptions.sty
Package: kvoptions 2022-06-15 v3.15 Key value format for package options (HO)
))
\c@section@level=\count300
)
\@linkdim=\dimen267
\Hy@linkcounter=\count301
\Hy@pagecounter=\count302

(/usr/share/texlive/texmf-dist/tex/latex/hyperref/pd1enc.def
File: pd1enc.def 2024-01-20 v7.01h Hyperref: PDFDocEncoding definition (HO)
Now handling font encoding PD1 ...
... no UTF-8 mapping file for font encoding PD1
)
(/usr/share/texlive/texmf-dist/tex/generic/intcalc/intcalc.sty
Package: intcalc 2019/12/15 v1.3 Expandable calculations with integers (HO)
)
\Hy@SavedSpaceFactor=\count303

(/usr/share/texlive/texmf-dist/tex/latex/hyperref/puenc.def
File: puenc.def 2024-01-20 v7.01h Hyperref: PDF Unicode definition (HO)
Now handling font encoding PU ...
... no UTF-8 mapping file for font encoding PU
)
Package hyperref Info: Option `bookmarks' set `true' on input line 4062.
Package hyperref Info: Option `bookmarksopen' set `true' on input line 4062.
Package hyperref Info: Option `implicit' set `false' on input line 4062.
Package hyperref Info: Hyper figures OFF on input line 4179.
Package hyperref Info: Link nesting OFF on input line 4184.
Package hyperref Info: Hyper index ON on input line 4187.
Package hyperref Info: Plain pages OFF on input line 4194.
Package hyperref Info: Backreferencing OFF on input line 4199.
Package hyperref Info: Implicit mode OFF; no redefinition of LaTeX internals.
Package hyperref Info: Bookmarks ON on input line 4446.
\c@Hy@tempcnt=\count304

(/usr/share/texlive/texmf-dist/tex/latex/url/url.sty
\Urlmuskip=\muskip16
Package: url 2013/09/16  ver 3.4  Verb mode for urls, etc.
)
LaTeX Info: Redefining \url on input line 4784.
\XeTeXLinkMargin=\dimen268

(/usr/share/texlive/texmf-dist/tex/generic/bitset/bitset.sty
Package: bitset 2019/12/09 v1.3 Handle bit-vector datatype (HO)

(/usr/share/texlive/texmf-dist/tex/generic/bigintcalc/bigintcalc.sty
Package: bigintcalc 2019/12/15 v1.5 Expandable calculations on big integers (HO
)
))
\Fld@menulength=\count305
\Field@Width=\dimen269
\Fld@charsize=\dimen270
Package hyperref Info: Hyper figures OFF on input line 6063.
Package hyperref Info: Link nesting OFF on input line 6068.
Package hyperref Info: Hyper index ON on input line 6071.
Package hyperref Info: backreferencing OFF on input line 6078.
Package hyperref Info: Link coloring OFF on input line 6083.
Package hyperref Info: Link coloring with OCG OFF on input line 6088.
Package hyperref Info: PDF/A mode OFF on input line 6093.
\Hy@abspage=\count306


Package hyperref Message: Stopped early.

)
Package hyperref Info: Driver (autodetected): hpdftex.
 (/usr/share/texlive/texmf-dist/tex/latex/hyperref/hpdftex.def
File: hpdftex.def 2024-01-20 v7.01h Hyperref driver for pdfTeX

(/usr/share/texlive/texmf-dist/tex/latex/base/atveryend-ltx.sty
Package: atveryend-ltx 2020/08/19 v1.0a Emulation of the original atveryend pac
kage
with kernel methods
)
\Fld@listcount=\count307
\c@bookmark@seq@number=\count308

(/usr/share/texlive/texmf-dist/tex/latex/rerunfilecheck/rerunfilecheck.sty
Package: rerunfilecheck 2022-07-10 v1.10 Rerun checks for auxiliary files (HO)

(/usr/share/texlive/texmf-dist/tex/generic/uniquecounter/uniquecounter.sty
Package: uniquecounter 2019/12/15 v1.4 Provide unlimited unique counter (HO)
)
Package uniquecounter Info: New unique counter `rerunfilecheck' on input line 2
85.
))
(/usr/share/texlive/texmf-dist/tex/latex/beamer/beamerbaserequires.sty
(/usr/share/texlive/texmf-dist/tex/latex/beamer/beamerbasecompatibility.sty)
(/usr/share/texlive/texmf-dist/tex/latex/beamer/beamerbasefont.sty
(/usr/share/texlive/texmf-dist/tex/latex/amsfonts/amssymb.sty
Package: amssymb 2013/01/14 v3.01 AMS font symbols

(/usr/share/texlive/texmf-dist/tex/latex/amsfonts/amsfonts.sty
Package: amsfonts 2013/01/14 v3.01 Basic AMSFonts support
\@emptytoks=\toks29
\symAMSa=\mathgroup4
\symAMSb=\mathgroup5
LaTeX Font Info:    Redeclaring math symbol \hbar on input line 98.
LaTeX Font Info:    Overwriting math alphabet `\mathfrak' in version `bold'
(Font)                  U/euf/m/n --> U/euf/b/n on input line 106.
))
(/usr/share/texlive/texmf-dist/tex/latex/sansmathaccent/sansmathaccent.sty
Package: sansmathaccent 2020/01/31

(/usr/share/texlive/texmf-dist/tex/latex/koma-script/scrlfile.sty
Package: scrlfile 2023/07/07 v3.41 KOMA-Script package (file load hooks)

(/usr/share/texlive/texmf-dist/tex/latex/koma-script/scrlfile-hook.sty
Package: scrlfile-hook 2023/07/07 v3.41 KOMA-Script package (using LaTeX hooks)


(/usr/share/texlive/texmf-dist/tex/latex/koma-script/scrlogo.sty
Package: scrlogo 2023/07/07 v3.41 KOMA-Script package (logo)
)))))
(/usr/share/texlive/texmf-dist/tex/latex/beamer/beamerbasetranslator.sty
(/usr/share/texlive/texmf-dist/tex/latex/translator/translator.sty
Package: translator 2021-05-31 v1.12d Easy translation of strings in LaTeX
))
(/usr/share/texlive/texmf-dist/tex/latex/beamer/beamerbasemisc.sty)
(/usr/share/texlive/texmf-dist/tex/latex/beamer/beamerbasetwoscreens.sty)
(/usr/share/texlive/texmf-dist/tex/latex/beamer/beamerbaseoverlay.sty
\beamer@argscount=\count309
\beamer@lastskipcover=\skip51
\beamer@trivlistdepth=\count310
)
(/usr/share/texlive/texmf-dist/tex/latex/beamer/beamerbasetitle.sty)
(/usr/share/texlive/texmf-dist/tex/latex/beamer/beamerbasesection.sty
\c@lecture=\count311
\c@part=\count312
\c@section=\count313
\c@subsection=\count314
\c@subsubsection=\count315
)
(/usr/share/texlive/texmf-dist/tex/latex/beamer/beamerbaseframe.sty
\beamer@framebox=\box66
\beamer@frametitlebox=\box67
\beamer@zoombox=\box68
\beamer@zoomcount=\count316
\beamer@zoomframecount=\count317
\beamer@frametextheight=\dimen271
\c@subsectionslide=\count318
\beamer@frametopskip=\skip52
\beamer@framebottomskip=\skip53
\beamer@frametopskipautobreak=\skip54
\beamer@framebottomskipautobreak=\skip55
\beamer@envbody=\toks30
\framewidth=\dimen272
\c@framenumber=\count319
)
(/usr/share/texlive/texmf-dist/tex/latex/beamer/beamerbaseverbatim.sty
\beamer@verbatimfileout=\write4
)
(/usr/share/texlive/texmf-dist/tex/latex/beamer/beamerbaseframesize.sty
\beamer@splitbox=\box69
\beamer@autobreakcount=\count320
\beamer@autobreaklastheight=\dimen273
\beamer@frametitletoks=\toks31
\beamer@framesubtitletoks=\toks32
)
(/usr/share/texlive/texmf-dist/tex/latex/beamer/beamerbaseframecomponents.sty
\beamer@footins=\box70
)
(/usr/share/texlive/texmf-dist/tex/latex/beamer/beamerbasecolor.sty)
(/usr/share/texlive/texmf-dist/tex/latex/beamer/beamerbasenotes.sty
\beamer@frameboxcopy=\box71
)
(/usr/share/texlive/texmf-dist/tex/latex/beamer/beamerbasetoc.sty)
(/usr/share/texlive/texmf-dist/tex/latex/beamer/beamerbasetemplates.sty
\beamer@sbttoks=\toks33

(/usr/share/texlive/texmf-dist/tex/latex/beamer/beamerbaseauxtemplates.sty
(/usr/share/texlive/texmf-dist/tex/latex/beamer/beamerbaseboxes.sty
\bmb@box=\box72
\bmb@colorbox=\box73
\bmb@boxwidth=\dimen274
\bmb@boxheight=\dimen275
\bmb@prevheight=\dimen276
\bmb@temp=\dimen277
\bmb@dima=\dimen278
\bmb@dimb=\dimen279
\bmb@prevheight=\dimen280
)
\beamer@blockheadheight=\dimen281
))
(/usr/share/texlive/texmf-dist/tex/latex/beamer/beamerbaselocalstructure.sty
(/usr/share/texlive/texmf-dist/tex/latex/tools/enumerate.sty
Package: enumerate 2023/07/04 v3.00 enumerate extensions (DPC)
\@enLab=\toks34
)
\beamer@bibiconwidth=\skip56
\c@figure=\count321
\c@table=\count322
\abovecaptionskip=\skip57
\belowcaptionskip=\skip58
)
(/usr/share/texlive/texmf-dist/tex/latex/beamer/beamerbasenavigation.sty
(/usr/share/texlive/texmf-dist/tex/latex/beamer/beamerbasenavigationsymbols.tex
)
\beamer@section@min@dim=\dimen282
) (/usr/share/texlive/texmf-dist/tex/latex/beamer/beamerbasetheorems.sty
(/usr/share/texlive/texmf-dist/tex/latex/amsmath/amsmath.sty
Package: amsmath 2023/05/13 v2.17o AMS math features
\@mathmargin=\skip59

For additional information on amsmath, use the `?' option.
(/usr/share/texlive/texmf-dist/tex/latex/amsmath/amstext.sty
Package: amstext 2021/08/26 v2.01 AMS text

(/usr/share/texlive/texmf-dist/tex/latex/amsmath/amsgen.sty
File: amsgen.sty 1999/11/30 v2.0 generic functions
\@emptytoks=\toks35
\ex@=\dimen283
))
(/usr/share/texlive/texmf-dist/tex/latex/amsmath/amsbsy.sty
Package: amsbsy 1999/11/29 v1.2d Bold Symbols
\pmbraise@=\dimen284
)
(/usr/share/texlive/texmf-dist/tex/latex/amsmath/amsopn.sty
Package: amsopn 2022/04/08 v2.04 operator names
)
\inf@bad=\count323
LaTeX Info: Redefining \frac on input line 234.
\uproot@=\count324
\leftroot@=\count325
LaTeX Info: Redefining \overline on input line 399.
LaTeX Info: Redefining \colon on input line 410.
\classnum@=\count326
\DOTSCASE@=\count327
LaTeX Info: Redefining \ldots on input line 496.
LaTeX Info: Redefining \dots on input line 499.
LaTeX Info: Redefining \cdots on input line 620.
\Mathstrutbox@=\box74
\strutbox@=\box75
LaTeX Info: Redefining \big on input line 722.
LaTeX Info: Redefining \Big on input line 723.
LaTeX Info: Redefining \bigg on input line 724.
LaTeX Info: Redefining \Bigg on input line 725.
\big@size=\dimen285
LaTeX Font Info:    Redeclaring font encoding OML on input line 743.
LaTeX Font Info:    Redeclaring font encoding OMS on input line 744.
\macc@depth=\count328
LaTeX Info: Redefining \bmod on input line 905.
LaTeX Info: Redefining \pmod on input line 910.
LaTeX Info: Redefining \smash on input line 940.
LaTeX Info: Redefining \relbar on input line 970.
LaTeX Info: Redefining \Relbar on input line 971.
\c@MaxMatrixCols=\count329
\dotsspace@=\muskip17
\c@parentequation=\count330
\dspbrk@lvl=\count331
\tag@help=\toks36
\row@=\count332
\column@=\count333
\maxfields@=\count334
\andhelp@=\toks37
\eqnshift@=\dimen286
\alignsep@=\dimen287
\tagshift@=\dimen288
\tagwidth@=\dimen289
\totwidth@=\dimen290
\lineht@=\dimen291
\@envbody=\toks38
\multlinegap=\skip60
\multlinetaggap=\skip61
\mathdisplay@stack=\toks39
LaTeX Info: Redefining \[ on input line 2953.
LaTeX Info: Redefining \] on input line 2954.
)
(/usr/share/texlive/texmf-dist/tex/latex/amscls/amsthm.sty
Package: amsthm 2020/05/29 v2.20.6
\thm@style=\toks40
\thm@bodyfont=\toks41
\thm@headfont=\toks42
\thm@notefont=\toks43
\thm@headpunct=\toks44
\thm@preskip=\skip62
\thm@postskip=\skip63
\thm@headsep=\skip64
\dth@everypar=\toks45
)
\c@theorem=\count335
)
(/usr/share/texlive/texmf-dist/tex/latex/beamer/beamerbasethemes.sty))
(/usr/share/texlive/texmf-dist/tex/latex/beamer/beamerthemedefault.sty
(/usr/share/texlive/texmf-dist/tex/latex/beamer/beamerfontthemedefault.sty)
(/usr/share/texlive/texmf-dist/tex/latex/beamer/beamercolorthemedefault.sty)
(/usr/share/texlive/texmf-dist/tex/latex/beamer/beamerinnerthemedefault.sty
\beamer@dima=\dimen292
\beamer@dimb=\dimen293
)
(/usr/share/texlive/texmf-dist/tex/latex/beamer/beamerouterthemedefault.sty)))
(/usr/share/texlive/texmf-dist/tex/latex/base/inputenc.sty
Package: inputenc 2021/02/14 v1.3d Input encoding file
\inpenc@prehook=\toks46
\inpenc@posthook=\toks47
)
(/usr/share/texlive/texmf-dist/tex/generic/babel/babel.sty
Package: babel 2024/01/07 v24.1 The Babel package
\babel@savecnt=\count336
\U@D=\dimen294
\l@unhyphenated=\language89

(/usr/share/texlive/texmf-dist/tex/generic/babel/txtbabel.def)
\bbl@readstream=\read3
LaTeX Info: Redefining \textlatin on input line 3986.
\bbl@dirlevel=\count337

(/usr/share/texlive/texmf-dist/tex/generic/babel-portuges/portuguese.ldf
Language: portuges 2021/07/09 v1.2t Portuguese support from the babel system
Package babel Info: Making " an active character on input line 143.
))
(/usr/share/texlive/texmf-dist/tex/generic/babel/locale/pt/babel-portuguese.tex
Package babel Info: Importing font and identification data for portuguese
(babel)             from babel-pt.ini. Reported on input line 11.
) (./preto.sty
Package: preto 2026/02/25 Pacote de Estilo Customizado do Prof. Preto

(/usr/share/texlive/texmf-dist/tex/latex/pgf/frontendlayer/tikz.sty
(/usr/share/texlive/texmf-dist/tex/latex/pgf/basiclayer/pgf.sty
Package: pgf 2023-01-15 v3.1.10 (3.1.10)

(/usr/share/texlive/texmf-dist/tex/generic/pgf/modules/pgfmoduleshapes.code.tex
File: pgfmoduleshapes.code.tex 2023-01-15 v3.1.10 (3.1.10)
\pgfnodeparttextbox=\box76
) (/usr/share/texlive/texmf-dist/tex/generic/pgf/modules/pgfmoduleplot.code.tex
File: pgfmoduleplot.code.tex 2023-01-15 v3.1.10 (3.1.10)
)
(/usr/share/texlive/texmf-dist/tex/latex/pgf/compatibility/pgfcomp-version-0-65
.sty
Package: pgfcomp-version-0-65 2023-01-15 v3.1.10 (3.1.10)
\pgf@nodesepstart=\dimen295
\pgf@nodesepend=\dimen296
)
(/usr/share/texlive/texmf-dist/tex/latex/pgf/compatibility/pgfcomp-version-1-18
.sty
Package: pgfcomp-version-1-18 2023-01-15 v3.1.10 (3.1.10)
)) (/usr/share/texlive/texmf-dist/tex/latex/pgf/utilities/pgffor.sty
(/usr/share/texlive/texmf-dist/tex/generic/pgf/utilities/pgffor.code.tex
Package: pgffor 2023-01-15 v3.1.10 (3.1.10)
\pgffor@iter=\dimen297
\pgffor@skip=\dimen298
\pgffor@stack=\toks48
\pgffor@toks=\toks49
))
(/usr/share/texlive/texmf-dist/tex/generic/pgf/frontendlayer/tikz/tikz.code.tex
Package: tikz 2023-01-15 v3.1.10 (3.1.10)

(/usr/share/texlive/texmf-dist/tex/generic/pgf/libraries/pgflibraryplothandlers
.code.tex
File: pgflibraryplothandlers.code.tex 2023-01-15 v3.1.10 (3.1.10)
\pgf@plot@mark@count=\count338
\pgfplotmarksize=\dimen299
)
\tikz@lastx=\dimen300
\tikz@lasty=\dimen301
\tikz@lastxsaved=\dimen302
\tikz@lastysaved=\dimen303
\tikz@lastmovetox=\dimen304
\tikz@lastmovetoy=\dimen305
\tikzleveldistance=\dimen306
\tikzsiblingdistance=\dimen307
\tikz@figbox=\box77
\tikz@figbox@bg=\box78
\tikz@tempbox=\box79
\tikz@tempbox@bg=\box80
\tikztreelevel=\count339
\tikznumberofchildren=\count340
\tikznumberofcurrentchild=\count341
\tikz@fig@count=\count342

(/usr/share/texlive/texmf-dist/tex/generic/pgf/modules/pgfmodulematrix.code.tex
File: pgfmodulematrix.code.tex 2023-01-15 v3.1.10 (3.1.10)
\pgfmatrixcurrentrow=\count343
\pgfmatrixcurrentcolumn=\count344
\pgf@matrix@numberofcolumns=\count345
)
\tikz@expandcount=\count346

(/usr/share/texlive/texmf-dist/tex/generic/pgf/frontendlayer/tikz/libraries/tik
zlibrarytopaths.code.tex
File: tikzlibrarytopaths.code.tex 2023-01-15 v3.1.10 (3.1.10)
)))
\sympureletters=\mathgroup6
LaTeX Font Info:    Overwriting symbol font `pureletters' in version `bold'
(Font)                  OT1/mathkerncmss/m/sl --> OT1/mathkerncmss/bx/sl on inp
ut line 9.

(/usr/share/texlive/texmf-dist/tex/latex/tools/bm.sty
Package: bm 2023/07/08 v1.2f Bold Symbol Support (DPC/FMi)
\symboldoperators=\mathgroup7
\symboldletters=\mathgroup8
\symboldsymbols=\mathgroup9
Package bm Info: No bold for \OMX/cmex/m/n, using \pmb.
Package bm Info: No bold for \U/msa/m/n, using \pmb.
Package bm Info: No bold for \U/msb/m/n, using \pmb.
\symboldpureletters=\mathgroup10
LaTeX Font Info:    Redeclaring math alphabet \mathbf on input line 149.
)
(/usr/share/texlive/texmf-dist/tex/generic/soul/soul.sty
Package: soul 2023-06-14 v3.1 Permit use of UTF-8 characters in soul (HO)

(/usr/share/texlive/texmf-dist/tex/generic/soul/soul-ori.sty
Package: soul-ori 2023-06-14 v3.1 letterspacing/underlining (mf)
\SOUL@word=\toks50
\SOUL@lasttoken=\toks51
\SOUL@syllable=\toks52
\SOUL@cmds=\toks53
\SOUL@buffer=\toks54
\SOUL@token=\toks55
\SOUL@syllgoal=\dimen308
\SOUL@syllwidth=\dimen309
\SOUL@charkern=\dimen310
\SOUL@hyphkern=\dimen311
\SOUL@dimen=\dimen312
\SOUL@dimeni=\dimen313
\SOUL@minus=\count347
\SOUL@comma=\count348
\SOUL@apo=\count349
\SOUL@grave=\count350
\SOUL@spaceskip=\skip65
\SOUL@ttwidth=\dimen314
\SOUL@uldp=\dimen315
\SOUL@ulht=\dimen316
)
(/usr/share/texlive/texmf-dist/tex/generic/etexcmds/etexcmds.sty
Package: etexcmds 2019/12/15 v1.7 Avoid name clashes with e-TeX commands (HO)
))
(/usr/share/texlive/texmf-dist/tex/latex/tcolorbox/tcolorbox.sty
Package: tcolorbox 2024/01/10 version 6.2.0 text color boxes

(/usr/share/texlive/texmf-dist/tex/latex/tools/verbatim.sty
Package: verbatim 2023-11-06 v1.5v LaTeX2e package for verbatim enhancements
\every@verbatim=\toks56
\verbatim@line=\toks57
\verbatim@in@stream=\read4
)
(/usr/share/texlive/texmf-dist/tex/latex/environ/environ.sty
Package: environ 2014/05/04 v0.3 A new way to define environments

(/usr/share/texlive/texmf-dist/tex/latex/trimspaces/trimspaces.sty
Package: trimspaces 2009/09/17 v1.1 Trim spaces around a token list
))
\tcb@titlebox=\box81
\tcb@upperbox=\box82
\tcb@lowerbox=\box83
\tcb@phantombox=\box84
\c@tcbbreakpart=\count351
\c@tcblayer=\count352
\c@tcolorbox@number=\count353
\l__tcobox_tmpa_box=\box85
\l__tcobox_tmpa_dim=\dimen317
\tcb@temp=\box86
\tcb@temp=\box87
\tcb@temp=\box88
\tcb@temp=\box89
)
(/usr/share/texlive/texmf-dist/tex/generic/ulem/ulem.sty
\UL@box=\box90
\UL@hyphenbox=\box91
\UL@skip=\skip66
\UL@hook=\toks58
\UL@height=\dimen318
\UL@pe=\count354
\UL@pixel=\dimen319
\ULC@box=\box92
Package: ulem 2019/11/18
\ULdepth=\dimen320
)
(/usr/share/texlive/texmf-dist/tex/latex/listings/listings.sty
\lst@mode=\count355
\lst@gtempboxa=\box93
\lst@token=\toks59
\lst@length=\count356
\lst@currlwidth=\dimen321
\lst@column=\count357
\lst@pos=\count358
\lst@lostspace=\dimen322
\lst@width=\dimen323
\lst@newlines=\count359
\lst@lineno=\count360
\lst@maxwidth=\dimen324

(/usr/share/texlive/texmf-dist/tex/latex/listings/lstmisc.sty
File: lstmisc.sty 2023/02/27 1.9 (Carsten Heinz)
\c@lstnumber=\count361
\lst@skipnumbers=\count362
\lst@framebox=\box94
)
(/usr/share/texlive/texmf-dist/tex/latex/listings/listings.cfg
File: listings.cfg 2023/02/27 1.9 listings configuration
))
Package: listings 2023/02/27 1.9 (Carsten Heinz)

(/usr/share/texlive/texmf-dist/tex/latex/ragged2e/ragged2e.sty
Package: ragged2e 2023/06/22 v3.6 ragged2e Package
\CenteringLeftskip=\skip67
\RaggedLeftLeftskip=\skip68
\RaggedRightLeftskip=\skip69
\CenteringRightskip=\skip70
\RaggedLeftRightskip=\skip71
\RaggedRightRightskip=\skip72
\CenteringParfillskip=\skip73
\RaggedLeftParfillskip=\skip74
\RaggedRightParfillskip=\skip75
\JustifyingParfillskip=\skip76
\CenteringParindent=\skip77
\RaggedLeftParindent=\skip78
\RaggedRightParindent=\skip79
\JustifyingParindent=\skip80
)
(/usr/share/texlive/texmf-dist/tex/latex/beamer/beamerthemeWarsaw.sty
(/usr/share/texlive/texmf-dist/tex/latex/beamer/beamerinnerthemerounded.sty)
(/usr/share/texlive/texmf-dist/tex/latex/beamer/beamerouterthemeshadow.sty
(/usr/share/texlive/texmf-dist/tex/latex/beamer/beamerouterthemesplit.sty))
(/usr/share/texlive/texmf-dist/tex/latex/beamer/beamercolorthemeorchid.sty)
(/usr/share/texlive/texmf-dist/tex/latex/beamer/beamercolorthemewhale.sty))
(/usr/share/texlive/texmf-dist/tex/latex/listings/lstlang1.sty
File: lstlang1.sty 2023/02/27 1.9 listings language file
))
(/usr/share/texlive/texmf-dist/tex/latex/fontawesome5/fontawesome5.sty
(/usr/share/texlive/texmf-dist/tex/latex/l3kernel/expl3.sty
Package: expl3 2024-01-22 L3 programming layer (loader) 

(/usr/share/texlive/texmf-dist/tex/latex/l3backend/l3backend-pdftex.def
File: l3backend-pdftex.def 2024-01-04 L3 backend support: PDF output (pdfTeX)
\l__color_backend_stack_int=\count363
\l__pdf_internal_box=\box95
))
Package: fontawesome5 2022/05/02 v5.15.4 Font Awesome 5

(/usr/share/texlive/texmf-dist/tex/latex/l3packages/l3keys2e/l3keys2e.sty
Package: l3keys2e 2023-10-10 LaTeX2e option processing using LaTeX3 keys
)
(/usr/share/texlive/texmf-dist/tex/latex/l3packages/xparse/xparse.sty
Package: xparse 2023-10-10 L3 Experimental document command parser
)
(/usr/share/texlive/texmf-dist/tex/latex/fontawesome5/fontawesome5-generic-help
er.sty
Package: fontawesome5-generic-helper 2022/05/02 v5.15.4 non-uTeX helper for fon
tawesome5

(/usr/share/texlive/texmf-dist/tex/latex/fontawesome5/fontawesome5-mapping.def)
)) (./main.aux)
\openout1 = `main.aux'.

LaTeX Font Info:    Checking defaults for OML/cmm/m/it on input line 21.
LaTeX Font Info:    ... okay on input line 21.
LaTeX Font Info:    Checking defaults for OMS/cmsy/m/n on input line 21.
LaTeX Font Info:    ... okay on input line 21.
LaTeX Font Info:    Checking defaults for OT1/cmr/m/n on input line 21.
LaTeX Font Info:    ... okay on input line 21.
LaTeX Font Info:    Checking defaults for T1/cmr/m/n on input line 21.
LaTeX Font Info:    ... okay on input line 21.
LaTeX Font Info:    Checking defaults for TS1/cmr/m/n on input line 21.
LaTeX Font Info:    ... okay on input line 21.
LaTeX Font Info:    Checking defaults for OMX/cmex/m/n on input line 21.
LaTeX Font Info:    ... okay on input line 21.
LaTeX Font Info:    Checking defaults for U/cmr/m/n on input line 21.
LaTeX Font Info:    ... okay on input line 21.
LaTeX Font Info:    Checking defaults for PD1/pdf/m/n on input line 21.
LaTeX Font Info:    ... okay on input line 21.
LaTeX Font Info:    Checking defaults for PU/pdf/m/n on input line 21.
LaTeX Font Info:    ... okay on input line 21.

*geometry* driver: auto-detecting
*geometry* detected driver: pdftex
*geometry* verbose mode - [ preamble ] result:
* driver: pdftex
* paper: custom
* layout: <same size as paper>
* layoutoffset:(h,v)=(0.0pt,0.0pt)
* modes: includehead includefoot 
* h-part:(L,W,R)=(28.45274pt, 398.3386pt, 28.45274pt)
* v-part:(T,H,B)=(0.0pt, 256.0748pt, 0.0pt)
* \paperwidth=455.24408pt
* \paperheight=256.0748pt
* \textwidth=398.3386pt
* \textheight=227.62207pt
* \oddsidemargin=-43.81725pt
* \evensidemargin=-43.81725pt
* \topmargin=-72.26999pt
* \headheight=14.22636pt
* \headsep=0.0pt
* \topskip=11.0pt
* \footskip=14.22636pt
* \marginparwidth=4.0pt
* \marginparsep=10.0pt
* \columnsep=10.0pt
* \skip\footins=10.0pt plus 4.0pt minus 2.0pt
* \hoffset=0.0pt
* \voffset=0.0pt
* \mag=1000
* \@twocolumnfalse
* \@twosidefalse
* \@mparswitchfalse
* \@reversemarginfalse
* (1in=72.27pt=25.4mm, 1cm=28.453pt)

(/usr/share/texlive/texmf-dist/tex/context/base/mkii/supp-pdf.mkii
[Loading MPS to PDF converter (version 2006.09.02).]
\scratchcounter=\count364
\scratchdimen=\dimen325
\scratchbox=\box96
\nofMPsegments=\count365
\nofMParguments=\count366
\everyMPshowfont=\toks60
\MPscratchCnt=\count367
\MPscratchDim=\dimen326
\MPnumerator=\count368
\makeMPintoPDFobject=\count369
\everyMPtoPDFconversion=\toks61
) (/usr/share/texlive/texmf-dist/tex/latex/epstopdf-pkg/epstopdf-base.sty
Package: epstopdf-base 2020-01-24 v2.11 Base part for package epstopdf
Package epstopdf-base Info: Redefining graphics rule for `.eps' on input line 4
85.

(/usr/share/texlive/texmf-dist/tex/latex/latexconfig/epstopdf-sys.cfg
File: epstopdf-sys.cfg 2010/07/13 v1.3 Configuration of (r)epstopdf for TeX Liv
e
))
Package hyperref Info: Link coloring OFF on input line 21.

(./main.out) (./main.out)
\@outlinefile=\write5
\openout5 = `main.out'.

LaTeX Font Info:    Overwriting symbol font `operators' in version `normal'
(Font)                  OT1/cmr/m/n --> OT1/cmss/m/n on input line 21.
LaTeX Font Info:    Overwriting symbol font `operators' in version `bold'
(Font)                  OT1/cmr/bx/n --> OT1/cmss/b/n on input line 21.
\symnumbers=\mathgroup11
LaTeX Font Info:    Redeclaring symbol font `pureletters' on input line 21.
LaTeX Font Info:    Overwriting symbol font `pureletters' in version `normal'
(Font)                  OT1/mathkerncmss/m/sl --> OT1/cmss/m/it on input line 2
1.
LaTeX Font Info:    Overwriting symbol font `pureletters' in version `bold'
(Font)                  OT1/mathkerncmss/bx/sl --> OT1/cmss/m/it on input line 
21.
LaTeX Font Info:    Overwriting math alphabet `\mathrm' in version `normal'
(Font)                  OT1/cmss/m/n --> OT1/cmr/m/n on input line 21.
LaTeX Font Info:    Redeclaring math alphabet \mathbf on input line 21.
LaTeX Font Info:    Redeclaring math alphabet \mathsf on input line 21.
LaTeX Font Info:    Overwriting math alphabet `\mathsf' in version `normal'
(Font)                  OT1/cmss/m/n --> OT1/cmss/m/n on input line 21.
LaTeX Font Info:    Overwriting math alphabet `\mathsf' in version `bold'
(Font)                  OT1/cmss/bx/n --> OT1/cmss/m/n on input line 21.
LaTeX Font Info:    Redeclaring math alphabet \mathit on input line 21.
LaTeX Font Info:    Overwriting math alphabet `\mathit' in version `normal'
(Font)                  OT1/cmr/m/it --> OT1/cmss/m/it on input line 21.
LaTeX Font Info:    Overwriting math alphabet `\mathit' in version `bold'
(Font)                  OT1/cmr/bx/it --> OT1/cmss/m/it on input line 21.
LaTeX Font Info:    Redeclaring math alphabet \mathtt on input line 21.
LaTeX Font Info:    Overwriting math alphabet `\mathtt' in version `normal'
(Font)                  OT1/cmtt/m/n --> OT1/cmtt/m/n on input line 21.
LaTeX Font Info:    Overwriting math alphabet `\mathtt' in version `bold'
(Font)                  OT1/cmtt/m/n --> OT1/cmtt/m/n on input line 21.
LaTeX Font Info:    Overwriting symbol font `numbers' in version `bold'
(Font)                  OT1/cmss/m/n --> OT1/cmss/b/n on input line 21.
LaTeX Font Info:    Overwriting symbol font `pureletters' in version `bold'
(Font)                  OT1/cmss/m/it --> OT1/cmss/b/it on input line 21.
LaTeX Font Info:    Overwriting math alphabet `\mathrm' in version `bold'
(Font)                  OT1/cmss/b/n --> OT1/cmr/b/n on input line 21.
LaTeX Font Info:    Overwriting math alphabet `\mathbf' in version `bold'
(Font)                  OT1/cmss/b/n --> OT1/cmss/b/n on input line 21.
LaTeX Font Info:    Overwriting math alphabet `\mathsf' in version `bold'
(Font)                  OT1/cmss/m/n --> OT1/cmss/b/n on input line 21.
LaTeX Font Info:    Overwriting math alphabet `\mathit' in version `bold'
(Font)                  OT1/cmss/m/it --> OT1/cmss/b/it on input line 21.
LaTeX Font Info:    Overwriting math alphabet `\mathtt' in version `bold'
(Font)                  OT1/cmtt/m/n --> OT1/cmtt/b/n on input line 21.
LaTeX Font Info:    Redeclaring symbol font `pureletters' on input line 21.
LaTeX Font Info:    Overwriting symbol font `pureletters' in version `normal'
(Font)                  OT1/cmss/m/it --> OT1/mathkerncmss/m/sl on input line 2
1.
LaTeX Font Info:    Overwriting symbol font `pureletters' in version `bold'
(Font)                  OT1/cmss/b/it --> OT1/mathkerncmss/m/sl on input line 2
1.
LaTeX Font Info:    Overwriting symbol font `pureletters' in version `bold'
(Font)                  OT1/mathkerncmss/m/sl --> OT1/mathkerncmss/bx/sl on inp
ut line 21.

(/usr/share/texlive/texmf-dist/tex/latex/translator/translator-basic-dictionary
-English.dict
Dictionary: translator-basic-dictionary, Language: English 
)
(/usr/share/texlive/texmf-dist/tex/latex/translator/translator-bibliography-dic
tionary-English.dict
Dictionary: translator-bibliography-dictionary, Language: English 
)
(/usr/share/texlive/texmf-dist/tex/latex/translator/translator-environment-dict
ionary-English.dict
Dictionary: translator-environment-dictionary, Language: English 
)
(/usr/share/texlive/texmf-dist/tex/latex/translator/translator-months-dictionar
y-English.dict
Dictionary: translator-months-dictionary, Language: English 
)
(/usr/share/texlive/texmf-dist/tex/latex/translator/translator-numbers-dictiona
ry-English.dict
Dictionary: translator-numbers-dictionary, Language: English 
)
(/usr/share/texlive/texmf-dist/tex/latex/translator/translator-theorem-dictiona
ry-English.dict
Dictionary: translator-theorem-dictionary, Language: English 
)
\c@lstlisting=\count370
 (./main.nav)
<./images/GitHub-Logo.png, id=33, 562.1pt x 562.1pt>
File: ./images/GitHub-Logo.png Graphic file (type png)
<use ./images/GitHub-Logo.png>
Package pdftex.def Info: ./images/GitHub-Logo.png  used on input line 21.
(pdftex.def)             Requested size: 3.99684pt x 3.99998pt.

Overfull \hbox (2.11804pt too wide) in paragraph at lines 21--21
[][]  
 []

<./images/logo_labiocom.png, id=34, 321.2pt x 321.2pt>
File: ./images/logo_labiocom.png Graphic file (type png)
<use ./images/logo_labiocom.png>
Package pdftex.def Info: ./images/logo_labiocom.png  used on input line 21.
(pdftex.def)             Requested size: 48.36906pt x 48.36958pt.
File: ./images/GitHub-Logo.png Graphic file (type png)
<use ./images/GitHub-Logo.png>
Package pdftex.def Info: ./images/GitHub-Logo.png  used on input line 25.
(pdftex.def)             Requested size: 3.99684pt x 3.99998pt.

Overfull \hbox (2.11804pt too wide) in paragraph at lines 25--25
[][]  
 []

File: ./images/logo_labiocom.png Graphic file (type png)
<use ./images/logo_labiocom.png>
Package pdftex.def Info: ./images/logo_labiocom.png  used on input line 25.
(pdftex.def)             Requested size: 48.36906pt x 48.36958pt.
File: ./images/GitHub-Logo.png Graphic file (type png)
<use ./images/GitHub-Logo.png>
Package pdftex.def Info: ./images/GitHub-Logo.png  used on input line 25.
(pdftex.def)             Requested size: 3.99684pt x 3.99998pt.

Overfull \hbox (2.11804pt too wide) has occurred while \output is active
[][] 
 []

File: ./images/logo_labiocom.png Graphic file (type png)
<use ./images/logo_labiocom.png>
Package pdftex.def Info: ./images/logo_labiocom.png  used on input line 25.
(pdftex.def)             Requested size: 48.36906pt x 48.36958pt.
[1{/var/lib/texmf/fonts/map/pdftex/updmap/pdftex.map}

 <./images/GitHub-Logo.png> <./images/logo_labiocom.png>]
File: ./images/GitHub-Logo.png Graphic file (type png)
<use ./images/GitHub-Logo.png>
Package pdftex.def Info: ./images/GitHub-Logo.png  used on input line 29.
(pdftex.def)             Requested size: 3.99684pt x 3.99998pt.

Overfull \hbox (2.11804pt too wide) in paragraph at lines 29--29
[][]  
 []

File: ./images/logo_labiocom.png Graphic file (type png)
<use ./images/logo_labiocom.png>
Package pdftex.def Info: ./images/logo_labiocom.png  used on input line 29.
(pdftex.def)             Requested size: 48.36906pt x 48.36958pt.
(./main.toc)
File: ./images/GitHub-Logo.png Graphic file (type png)
<use ./images/GitHub-Logo.png>
Package pdftex.def Info: ./images/GitHub-Logo.png  used on input line 29.
(pdftex.def)             Requested size: 3.99684pt x 3.99998pt.

Overfull \hbox (2.11804pt too wide) has occurred while \output is active
[][] 
 []

File: ./images/logo_labiocom.png Graphic file (type png)
<use ./images/logo_labiocom.png>
Package pdftex.def Info: ./images/logo_labiocom.png  used on input line 29.
(pdftex.def)             Requested size: 48.36906pt x 48.36958pt.
[2

]
File: ./images/GitHub-Logo.png Graphic file (type png)
<use ./images/GitHub-Logo.png>
Package pdftex.def Info: ./images/GitHub-Logo.png  used on input line 43.
(pdftex.def)             Requested size: 3.99684pt x 3.99998pt.

Overfull \hbox (2.11804pt too wide) in paragraph at lines 43--43
[][]  
 []

File: ./images/logo_labiocom.png Graphic file (type png)
<use ./images/logo_labiocom.png>
Package pdftex.def Info: ./images/logo_labiocom.png  used on input line 43.
(pdftex.def)             Requested size: 48.36906pt x 48.36958pt.
File: ./images/GitHub-Logo.png Graphic file (type png)
<use ./images/GitHub-Logo.png>
Package pdftex.def Info: ./images/GitHub-Logo.png  used on input line 43.
(pdftex.def)             Requested size: 3.99684pt x 3.99998pt.

Overfull \hbox (2.11804pt too wide) has occurred while \output is active
[][] 
 []

File: ./images/logo_labiocom.png Graphic file (type png)
<use ./images/logo_labiocom.png>
Package pdftex.def Info: ./images/logo_labiocom.png  used on input line 43.
(pdftex.def)             Requested size: 48.36906pt x 48.36958pt.
[3

]
File: ./images/GitHub-Logo.png Graphic file (type png)
<use ./images/GitHub-Logo.png>
Package pdftex.def Info: ./images/GitHub-Logo.png  used on input line 62.
(pdftex.def)             Requested size: 3.99684pt x 3.99998pt.

Overfull \hbox (2.11804pt too wide) in paragraph at lines 62--62
[][]  
 []

File: ./images/logo_labiocom.png Graphic file (type png)
<use ./images/logo_labiocom.png>
Package pdftex.def Info: ./images/logo_labiocom.png  used on input line 62.
(pdftex.def)             Requested size: 48.36906pt x 48.36958pt.
<./images/pauloef_perdido.png, id=190, 578.16pt x 1023.825pt>
File: ./images/pauloef_perdido.png Graphic file (type png)
<use ./images/pauloef_perdido.png>
Package pdftex.def Info: ./images/pauloef_perdido.png  used on input line 62.
(pdftex.def)             Requested size: 88.36996pt x 156.49014pt.
File: ./images/GitHub-Logo.png Graphic file (type png)
<use ./images/GitHub-Logo.png>
Package pdftex.def Info: ./images/GitHub-Logo.png  used on input line 62.
(pdftex.def)             Requested size: 3.99684pt x 3.99998pt.

Overfull \hbox (2.11804pt too wide) has occurred while \output is active
[][] 
 []

File: ./images/logo_labiocom.png Graphic file (type png)
<use ./images/logo_labiocom.png>
Package pdftex.def Info: ./images/logo_labiocom.png  used on input line 62.
(pdftex.def)             Requested size: 48.36906pt x 48.36958pt.
[4

 <./images/pauloef_perdido.png>]
File: ./images/GitHub-Logo.png Graphic file (type png)
<use ./images/GitHub-Logo.png>
Package pdftex.def Info: ./images/GitHub-Logo.png  used on input line 69.
(pdftex.def)             Requested size: 3.99684pt x 3.99998pt.

Overfull \hbox (2.11804pt too wide) in paragraph at lines 69--69
[][]  
 []

File: ./images/logo_labiocom.png Graphic file (type png)
<use ./images/logo_labiocom.png>
Package pdftex.def Info: ./images/logo_labiocom.png  used on input line 69.
(pdftex.def)             Requested size: 48.36906pt x 48.36958pt.
<./images/paper1.png, id=227, 1166.10657pt x 554.82281pt>
File: ./images/paper1.png Graphic file (type png)
<use ./images/paper1.png>
Package pdftex.def Info: ./images/paper1.png  used on input line 69.
(pdftex.def)             Requested size: 388.6953pt x 184.9429pt.

Overfull \vbox (2.73883pt too high) detected at line 69
 []

File: ./images/GitHub-Logo.png Graphic file (type png)
<use ./images/GitHub-Logo.png>
Package pdftex.def Info: ./images/GitHub-Logo.png  used on input line 69.
(pdftex.def)             Requested size: 3.99684pt x 3.99998pt.

Overfull \hbox (2.11804pt too wide) has occurred while \output is active
[][] 
 []

File: ./images/logo_labiocom.png Graphic file (type png)
<use ./images/logo_labiocom.png>
Package pdftex.def Info: ./images/logo_labiocom.png  used on input line 69.
(pdftex.def)             Requested size: 48.36906pt x 48.36958pt.
[5

 <./images/paper1.png>]
File: ./images/GitHub-Logo.png Graphic file (type png)
<use ./images/GitHub-Logo.png>
Package pdftex.def Info: ./images/GitHub-Logo.png  used on input line 91.
(pdftex.def)             Requested size: 3.99684pt x 3.99998pt.

Overfull \hbox (2.11804pt too wide) in paragraph at lines 91--91
[][]  
 []

File: ./images/logo_labiocom.png Graphic file (type png)
<use ./images/logo_labiocom.png>
Package pdftex.def Info: ./images/logo_labiocom.png  used on input line 91.
(pdftex.def)             Requested size: 48.36906pt x 48.36958pt.
<./images/onepixel.png, id=264, 433.62pt x 361.35pt>
File: ./images/onepixel.png Graphic file (type png)
<use ./images/onepixel.png>
Package pdftex.def Info: ./images/onepixel.png  used on input line 91.
(pdftex.def)             Requested size: 153.64174pt x 128.0374pt.

Overfull \vbox (10.98448pt too high) detected at line 91
 []

File: ./images/GitHub-Logo.png Graphic file (type png)
<use ./images/GitHub-Logo.png>
Package pdftex.def Info: ./images/GitHub-Logo.png  used on input line 91.
(pdftex.def)             Requested size: 3.99684pt x 3.99998pt.

Overfull \hbox (2.11804pt too wide) has occurred while \output is active
[][] 
 []

File: ./images/logo_labiocom.png Graphic file (type png)
<use ./images/logo_labiocom.png>
Package pdftex.def Info: ./images/logo_labiocom.png  used on input line 91.
(pdftex.def)             Requested size: 48.36906pt x 48.36958pt.
[6

 <./images/onepixel.png>]
File: ./images/GitHub-Logo.png Graphic file (type png)
<use ./images/GitHub-Logo.png>
Package pdftex.def Info: ./images/GitHub-Logo.png  used on input line 98.
(pdftex.def)             Requested size: 3.99684pt x 3.99998pt.

Overfull \hbox (2.11804pt too wide) in paragraph at lines 98--98
[][]  
 []

File: ./images/logo_labiocom.png Graphic file (type png)
<use ./images/logo_labiocom.png>
Package pdftex.def Info: ./images/logo_labiocom.png  used on input line 98.
(pdftex.def)             Requested size: 48.36906pt x 48.36958pt.
<images/terminal_xxd.png, id=302, 1445.4pt x 903.375pt>
File: images/terminal_xxd.png Graphic file (type png)
<use images/terminal_xxd.png>
Package pdftex.def Info: images/terminal_xxd.png  used on input line 98.
(pdftex.def)             Requested size: 318.67268pt x 199.16928pt.

Overfull \vbox (16.96521pt too high) detected at line 98
 []

File: ./images/GitHub-Logo.png Graphic file (type png)
<use ./images/GitHub-Logo.png>
Package pdftex.def Info: ./images/GitHub-Logo.png  used on input line 98.
(pdftex.def)             Requested size: 3.99684pt x 3.99998pt.

Overfull \hbox (2.11804pt too wide) has occurred while \output is active
[][] 
 []

File: ./images/logo_labiocom.png Graphic file (type png)
<use ./images/logo_labiocom.png>
Package pdftex.def Info: ./images/logo_labiocom.png  used on input line 98.
(pdftex.def)             Requested size: 48.36906pt x 48.36958pt.
[7

 <./images/terminal_xxd.png>]
File: ./images/GitHub-Logo.png Graphic file (type png)
<use ./images/GitHub-Logo.png>
Package pdftex.def Info: ./images/GitHub-Logo.png  used on input line 109.
(pdftex.def)             Requested size: 3.99684pt x 3.99998pt.

Overfull \hbox (2.11804pt too wide) in paragraph at lines 109--109
[][]  
 []

File: ./images/logo_labiocom.png Graphic file (type png)
<use ./images/logo_labiocom.png>
Package pdftex.def Info: ./images/logo_labiocom.png  used on input line 109.
(pdftex.def)             Requested size: 48.36906pt x 48.36958pt.
<./images/neobullshit.png, id=340, 578.16pt x 312.41719pt>
File: ./images/neobullshit.png Graphic file (type png)
<use ./images/neobullshit.png>
Package pdftex.def Info: ./images/neobullshit.png  used on input line 109.
(pdftex.def)             Requested size: 221.14989pt x 119.50148pt.

LaTeX Font Warning: Font shape `OT1/cmss/bx/it' undefined
(Font)              using `OT1/cmss/bx/n' instead on input line 109.

File: ./images/GitHub-Logo.png Graphic file (type png)
<use ./images/GitHub-Logo.png>
Package pdftex.def Info: ./images/GitHub-Logo.png  used on input line 109.
(pdftex.def)             Requested size: 3.99684pt x 3.99998pt.

Overfull \hbox (2.11804pt too wide) has occurred while \output is active
[][] 
 []

File: ./images/logo_labiocom.png Graphic file (type png)
<use ./images/logo_labiocom.png>
Package pdftex.def Info: ./images/logo_labiocom.png  used on input line 109.
(pdftex.def)             Requested size: 48.36906pt x 48.36958pt.
[8

 <./images/neobullshit.png>]
File: ./images/GitHub-Logo.png Graphic file (type png)
<use ./images/GitHub-Logo.png>
Package pdftex.def Info: ./images/GitHub-Logo.png  used on input line 120.
(pdftex.def)             Requested size: 3.99684pt x 3.99998pt.

Overfull \hbox (2.11804pt too wide) in paragraph at lines 120--120
[][]  
 []

File: ./images/logo_labiocom.png Graphic file (type png)
<use ./images/logo_labiocom.png>
Package pdftex.def Info: ./images/logo_labiocom.png  used on input line 120.
(pdftex.def)             Requested size: 48.36906pt x 48.36958pt.
<./images/Pale_Blue_Dot.png, id=378, 331.2375pt x 448.67625pt>
File: ./images/Pale_Blue_Dot.png Graphic file (type png)
<use ./images/Pale_Blue_Dot.png>
Package pdftex.def Info: ./images/Pale_Blue_Dot.png  used on input line 120.
(pdftex.def)             Requested size: 88.22229pt x 119.50148pt.
File: ./images/GitHub-Logo.png Graphic file (type png)
<use ./images/GitHub-Logo.png>
Package pdftex.def Info: ./images/GitHub-Logo.png  used on input line 120.
(pdftex.def)             Requested size: 3.99684pt x 3.99998pt.

Overfull \hbox (2.11804pt too wide) has occurred while \output is active
[][] 
 []

File: ./images/logo_labiocom.png Graphic file (type png)
<use ./images/logo_labiocom.png>
Package pdftex.def Info: ./images/logo_labiocom.png  used on input line 120.
(pdftex.def)             Requested size: 48.36906pt x 48.36958pt.
[9

 <./images/Pale_Blue_Dot.png>]
File: ./images/GitHub-Logo.png Graphic file (type png)
<use ./images/GitHub-Logo.png>
Package pdftex.def Info: ./images/GitHub-Logo.png  used on input line 129.
(pdftex.def)             Requested size: 3.99684pt x 3.99998pt.

Overfull \hbox (2.11804pt too wide) in paragraph at lines 129--129
[][]  
 []

File: ./images/logo_labiocom.png Graphic file (type png)
<use ./images/logo_labiocom.png>
Package pdftex.def Info: ./images/logo_labiocom.png  used on input line 129.
(pdftex.def)             Requested size: 48.36906pt x 48.36958pt.
File: ./images/GitHub-Logo.png Graphic file (type png)
<use ./images/GitHub-Logo.png>
Package pdftex.def Info: ./images/GitHub-Logo.png  used on input line 129.
(pdftex.def)             Requested size: 3.99684pt x 3.99998pt.

Overfull \hbox (2.11804pt too wide) has occurred while \output is active
[][] 
 []

File: ./images/logo_labiocom.png Graphic file (type png)
<use ./images/logo_labiocom.png>
Package pdftex.def Info: ./images/logo_labiocom.png  used on input line 129.
(pdftex.def)             Requested size: 48.36906pt x 48.36958pt.
[10

]
File: ./images/GitHub-Logo.png Graphic file (type png)
<use ./images/GitHub-Logo.png>
Package pdftex.def Info: ./images/GitHub-Logo.png  used on input line 136.
(pdftex.def)             Requested size: 3.99684pt x 3.99998pt.

Overfull \hbox (2.11804pt too wide) in paragraph at lines 136--136
[][]  
 []

File: ./images/logo_labiocom.png Graphic file (type png)
<use ./images/logo_labiocom.png>
Package pdftex.def Info: ./images/logo_labiocom.png  used on input line 136.
(pdftex.def)             Requested size: 48.36906pt x 48.36958pt.
<./images/vieira_capa.png, id=456, 1444.64719pt x 807.7678pt>
File: ./images/vieira_capa.png Graphic file (type png)
<use ./images/vieira_capa.png>
Package pdftex.def Info: ./images/vieira_capa.png  used on input line 136.
(pdftex.def)             Requested size: 330.74086pt x 184.9429pt.

Overfull \vbox (2.73883pt too high) detected at line 136
 []

File: ./images/GitHub-Logo.png Graphic file (type png)
<use ./images/GitHub-Logo.png>
Package pdftex.def Info: ./images/GitHub-Logo.png  used on input line 136.
(pdftex.def)             Requested size: 3.99684pt x 3.99998pt.

Overfull \hbox (2.11804pt too wide) has occurred while \output is active
[][] 
 []

File: ./images/logo_labiocom.png Graphic file (type png)
<use ./images/logo_labiocom.png>
Package pdftex.def Info: ./images/logo_labiocom.png  used on input line 136.
(pdftex.def)             Requested size: 48.36906pt x 48.36958pt.
[11

 <./images/vieira_capa.png>]
File: ./images/GitHub-Logo.png Graphic file (type png)
<use ./images/GitHub-Logo.png>
Package pdftex.def Info: ./images/GitHub-Logo.png  used on input line 164.
(pdftex.def)             Requested size: 3.99684pt x 3.99998pt.

Overfull \hbox (2.11804pt too wide) in paragraph at lines 164--164
[][]  
 []

File: ./images/logo_labiocom.png Graphic file (type png)
<use ./images/logo_labiocom.png>
Package pdftex.def Info: ./images/logo_labiocom.png  used on input line 164.
(pdftex.def)             Requested size: 48.36906pt x 48.36958pt.
<./images/vieira_imag1.png, id=494, 219.219pt x 117.8001pt>
File: ./images/vieira_imag1.png Graphic file (type png)
<use ./images/vieira_imag1.png>
Package pdftex.def Info: ./images/vieira_imag1.png  used on input line 164.
(pdftex.def)             Requested size: 189.21022pt x 101.67996pt.
LaTeX Font Info:    Trying to load font information for U+msa on input line 164
.
(/usr/share/texlive/texmf-dist/tex/latex/amsfonts/umsa.fd
File: umsa.fd 2013/01/14 v3.01 AMS symbols A
)
LaTeX Font Info:    Trying to load font information for U+msb on input line 164
.

(/usr/share/texlive/texmf-dist/tex/latex/amsfonts/umsb.fd
File: umsb.fd 2013/01/14 v3.01 AMS symbols B
)
LaTeX Font Info:    Trying to load font information for OT1+mathkerncmss on inp
ut line 164.

(/usr/share/texlive/texmf-dist/tex/latex/sansmathaccent/ot1mathkerncmss.fd
File: ot1mathkerncmss.fd 2020/01/31 Fontinst v1.933 font definitions for OT1/ma
thkerncmss.
)
<./images/vieira_imag2.png, id=495, 129.8451pt x 101.6598pt>
File: ./images/vieira_imag2.png Graphic file (type png)
<use ./images/vieira_imag2.png>
Package pdftex.def Info: ./images/vieira_imag2.png  used on input line 164.
(pdftex.def)             Requested size: 189.21022pt x 148.13974pt.

Overfull \vbox (7.40907pt too high) detected at line 164
 []

File: ./images/GitHub-Logo.png Graphic file (type png)
<use ./images/GitHub-Logo.png>
Package pdftex.def Info: ./images/GitHub-Logo.png  used on input line 164.
(pdftex.def)             Requested size: 3.99684pt x 3.99998pt.

Overfull \hbox (2.11804pt too wide) has occurred while \output is active
[][] 
 []

File: ./images/logo_labiocom.png Graphic file (type png)
<use ./images/logo_labiocom.png>
Package pdftex.def Info: ./images/logo_labiocom.png  used on input line 164.
(pdftex.def)             Requested size: 48.36906pt x 48.36958pt.
[12

 <./images/vieira_imag1.png> <./images/vieira_imag2.png>]
File: ./images/GitHub-Logo.png Graphic file (type png)
<use ./images/GitHub-Logo.png>
Package pdftex.def Info: ./images/GitHub-Logo.png  used on input line 197.
(pdftex.def)             Requested size: 3.99684pt x 3.99998pt.

Overfull \hbox (2.11804pt too wide) in paragraph at lines 197--197
[][]  
 []

File: ./images/logo_labiocom.png Graphic file (type png)
<use ./images/logo_labiocom.png>
Package pdftex.def Info: ./images/logo_labiocom.png  used on input line 197.
(pdftex.def)             Requested size: 48.36906pt x 48.36958pt.
LaTeX Font Info:    Font shape `OT1/cmtt/bx/n' in size <10.95> not available
(Font)              Font shape `OT1/cmtt/m/n' tried instead on input line 197.

Overfull \vbox (68.58485pt too high) detected at line 197
 []

File: ./images/GitHub-Logo.png Graphic file (type png)
<use ./images/GitHub-Logo.png>
Package pdftex.def Info: ./images/GitHub-Logo.png  used on input line 197.
(pdftex.def)             Requested size: 3.99684pt x 3.99998pt.

Overfull \hbox (2.11804pt too wide) has occurred while \output is active
[][] 
 []

File: ./images/logo_labiocom.png Graphic file (type png)
<use ./images/logo_labiocom.png>
Package pdftex.def Info: ./images/logo_labiocom.png  used on input line 197.
(pdftex.def)             Requested size: 48.36906pt x 48.36958pt.
[13

]
File: ./images/GitHub-Logo.png Graphic file (type png)
<use ./images/GitHub-Logo.png>
Package pdftex.def Info: ./images/GitHub-Logo.png  used on input line 218.
(pdftex.def)             Requested size: 3.99684pt x 3.99998pt.

Overfull \hbox (2.11804pt too wide) in paragraph at lines 218--218
[][]  
 []

File: ./images/logo_labiocom.png Graphic file (type png)
<use ./images/logo_labiocom.png>
Package pdftex.def Info: ./images/logo_labiocom.png  used on input line 218.
(pdftex.def)             Requested size: 48.36906pt x 48.36958pt.
File: ./images/GitHub-Logo.png Graphic file (type png)
<use ./images/GitHub-Logo.png>
Package pdftex.def Info: ./images/GitHub-Logo.png  used on input line 218.
(pdftex.def)             Requested size: 3.99684pt x 3.99998pt.

Overfull \hbox (2.11804pt too wide) has occurred while \output is active
[][] 
 []

File: ./images/logo_labiocom.png Graphic file (type png)
<use ./images/logo_labiocom.png>
Package pdftex.def Info: ./images/logo_labiocom.png  used on input line 218.
(pdftex.def)             Requested size: 48.36906pt x 48.36958pt.
[14

]
File: ./images/GitHub-Logo.png Graphic file (type png)
<use ./images/GitHub-Logo.png>
Package pdftex.def Info: ./images/GitHub-Logo.png  used on input line 232.
(pdftex.def)             Requested size: 3.99684pt x 3.99998pt.

Overfull \hbox (2.11804pt too wide) in paragraph at lines 232--232
[][]  
 []

File: ./images/logo_labiocom.png Graphic file (type png)
<use ./images/logo_labiocom.png>
Package pdftex.def Info: ./images/logo_labiocom.png  used on input line 232.
(pdftex.def)             Requested size: 48.36906pt x 48.36958pt.
File: ./images/GitHub-Logo.png Graphic file (type png)
<use ./images/GitHub-Logo.png>
Package pdftex.def Info: ./images/GitHub-Logo.png  used on input line 232.
(pdftex.def)             Requested size: 3.99684pt x 3.99998pt.

Overfull \hbox (2.11804pt too wide) has occurred while \output is active
[][] 
 []

File: ./images/logo_labiocom.png Graphic file (type png)
<use ./images/logo_labiocom.png>
Package pdftex.def Info: ./images/logo_labiocom.png  used on input line 232.
(pdftex.def)             Requested size: 48.36906pt x 48.36958pt.
[15

]
File: ./images/GitHub-Logo.png Graphic file (type png)
<use ./images/GitHub-Logo.png>
Package pdftex.def Info: ./images/GitHub-Logo.png  used on input line 244.
(pdftex.def)             Requested size: 3.99684pt x 3.99998pt.

Overfull \hbox (2.11804pt too wide) in paragraph at lines 244--244
[][]  
 []

File: ./images/logo_labiocom.png Graphic file (type png)
<use ./images/logo_labiocom.png>
Package pdftex.def Info: ./images/logo_labiocom.png  used on input line 244.
(pdftex.def)             Requested size: 48.36906pt x 48.36958pt.
<images/yolo_sayno.png, id=643, 928.21782pt x 609.02531pt>
File: images/yolo_sayno.png Graphic file (type png)
<use images/yolo_sayno.png>
Package pdftex.def Info: images/yolo_sayno.png  used on input line 244.
(pdftex.def)             Requested size: 173.4597pt x 113.81102pt.

Overfull \vbox (0.10698pt too high) detected at line 244
 []

File: ./images/GitHub-Logo.png Graphic file (type png)
<use ./images/GitHub-Logo.png>
Package pdftex.def Info: ./images/GitHub-Logo.png  used on input line 244.
(pdftex.def)             Requested size: 3.99684pt x 3.99998pt.

Overfull \hbox (2.11804pt too wide) has occurred while \output is active
[][] 
 []

File: ./images/logo_labiocom.png Graphic file (type png)
<use ./images/logo_labiocom.png>
Package pdftex.def Info: ./images/logo_labiocom.png  used on input line 244.
(pdftex.def)             Requested size: 48.36906pt x 48.36958pt.
[16

 <./images/yolo_sayno.png>]
File: ./images/GitHub-Logo.png Graphic file (type png)
<use ./images/GitHub-Logo.png>
Package pdftex.def Info: ./images/GitHub-Logo.png  used on input line 253.
(pdftex.def)             Requested size: 3.99684pt x 3.99998pt.

Overfull \hbox (2.11804pt too wide) in paragraph at lines 253--253
[][]  
 []

File: ./images/logo_labiocom.png Graphic file (type png)
<use ./images/logo_labiocom.png>
Package pdftex.def Info: ./images/logo_labiocom.png  used on input line 253.
(pdftex.def)             Requested size: 48.36906pt x 48.36958pt.
<images/drone_comercial.png, id=680, 1501.86093pt x 845.40843pt>
File: images/drone_comercial.png Graphic file (type png)
<use images/drone_comercial.png>
Package pdftex.def Info: images/drone_comercial.png  used on input line 253.
(pdftex.def)             Requested size: 252.72342pt x 142.26378pt.
File: ./images/GitHub-Logo.png Graphic file (type png)
<use ./images/GitHub-Logo.png>
Package pdftex.def Info: ./images/GitHub-Logo.png  used on input line 253.
(pdftex.def)             Requested size: 3.99684pt x 3.99998pt.

Overfull \hbox (2.11804pt too wide) has occurred while \output is active
[][] 
 []

File: ./images/logo_labiocom.png Graphic file (type png)
<use ./images/logo_labiocom.png>
Package pdftex.def Info: ./images/logo_labiocom.png  used on input line 253.
(pdftex.def)             Requested size: 48.36906pt x 48.36958pt.
[17

 <./images/drone_comercial.png>]
File: ./images/GitHub-Logo.png Graphic file (type png)
<use ./images/GitHub-Logo.png>
Package pdftex.def Info: ./images/GitHub-Logo.png  used on input line 264.
(pdftex.def)             Requested size: 3.99684pt x 3.99998pt.

Overfull \hbox (2.11804pt too wide) in paragraph at lines 264--264
[][]  
 []

File: ./images/logo_labiocom.png Graphic file (type png)
<use ./images/logo_labiocom.png>
Package pdftex.def Info: ./images/logo_labiocom.png  used on input line 264.
(pdftex.def)             Requested size: 48.36906pt x 48.36958pt.
<images/drone_i9.png, id=718, 1500.35532pt x 846.91406pt>
File: images/drone_i9.png Graphic file (type png)
<use images/drone_i9.png>
Package pdftex.def Info: images/drone_i9.png  used on input line 264.
(pdftex.def)             Requested size: 252.01219pt x 142.26378pt.
File: ./images/GitHub-Logo.png Graphic file (type png)
<use ./images/GitHub-Logo.png>
Package pdftex.def Info: ./images/GitHub-Logo.png  used on input line 264.
(pdftex.def)             Requested size: 3.99684pt x 3.99998pt.

Overfull \hbox (2.11804pt too wide) has occurred while \output is active
[][] 
 []

File: ./images/logo_labiocom.png Graphic file (type png)
<use ./images/logo_labiocom.png>
Package pdftex.def Info: ./images/logo_labiocom.png  used on input line 264.
(pdftex.def)             Requested size: 48.36906pt x 48.36958pt.
[18

 <./images/drone_i9.png>]
File: ./images/GitHub-Logo.png Graphic file (type png)
<use ./images/GitHub-Logo.png>
Package pdftex.def Info: ./images/GitHub-Logo.png  used on input line 280.
(pdftex.def)             Requested size: 3.99684pt x 3.99998pt.

Overfull \hbox (2.11804pt too wide) in paragraph at lines 280--280
[][]  
 []

File: ./images/logo_labiocom.png Graphic file (type png)
<use ./images/logo_labiocom.png>
Package pdftex.def Info: ./images/logo_labiocom.png  used on input line 280.
(pdftex.def)             Requested size: 48.36906pt x 48.36958pt.
<./images/pk_binha2.png, id=755, 1020.81375pt x 832.61063pt>
File: ./images/pk_binha2.png Graphic file (type png)
<use ./images/pk_binha2.png>
Package pdftex.def Info: ./images/pk_binha2.png  used on input line 280.
(pdftex.def)             Requested size: 174.42389pt x 142.26378pt.

Overfull \vbox (23.1238pt too high) detected at line 280
 []

File: ./images/GitHub-Logo.png Graphic file (type png)
<use ./images/GitHub-Logo.png>
Package pdftex.def Info: ./images/GitHub-Logo.png  used on input line 280.
(pdftex.def)             Requested size: 3.99684pt x 3.99998pt.

Overfull \hbox (2.11804pt too wide) has occurred while \output is active
[][] 
 []

File: ./images/logo_labiocom.png Graphic file (type png)
<use ./images/logo_labiocom.png>
Package pdftex.def Info: ./images/logo_labiocom.png  used on input line 280.
(pdftex.def)             Requested size: 48.36906pt x 48.36958pt.
[19

 <./images/pk_binha2.png>]
File: ./images/GitHub-Logo.png Graphic file (type png)
<use ./images/GitHub-Logo.png>
Package pdftex.def Info: ./images/GitHub-Logo.png  used on input line 291.
(pdftex.def)             Requested size: 3.99684pt x 3.99998pt.

Overfull \hbox (2.11804pt too wide) in paragraph at lines 291--291
[][]  
 []

File: ./images/logo_labiocom.png Graphic file (type png)
<use ./images/logo_labiocom.png>
Package pdftex.def Info: ./images/logo_labiocom.png  used on input line 291.
(pdftex.def)             Requested size: 48.36906pt x 48.36958pt.
<images/pk_binha1.png, id=793, 1019.30812pt x 831.105pt>
File: images/pk_binha1.png Graphic file (type png)
<use images/pk_binha1.png>
Package pdftex.def Info: images/pk_binha1.png  used on input line 291.
(pdftex.def)             Requested size: 157.02681pt x 128.0374pt.
LaTeX Font Info:    Trying to load font information for U+fontawesomefree1 on i
nput line 291.
(/usr/share/texlive/texmf-dist/tex/latex/fontawesome5/ufontawesomefree1.fd)
File: ./images/GitHub-Logo.png Graphic file (type png)
<use ./images/GitHub-Logo.png>
Package pdftex.def Info: ./images/GitHub-Logo.png  used on input line 291.
(pdftex.def)             Requested size: 3.99684pt x 3.99998pt.

Overfull \hbox (2.11804pt too wide) has occurred while \output is active
[][] 
 []

File: ./images/logo_labiocom.png Graphic file (type png)
<use ./images/logo_labiocom.png>
Package pdftex.def Info: ./images/logo_labiocom.png  used on input line 291.
(pdftex.def)             Requested size: 48.36906pt x 48.36958pt.
[20

{/usr/share/texlive/texmf-dist/fonts/enc/dvips/fontawesome5/fa5free1.enc} <./im
ages/pk_binha1.png>]
File: ./images/GitHub-Logo.png Graphic file (type png)
<use ./images/GitHub-Logo.png>
Package pdftex.def Info: ./images/GitHub-Logo.png  used on input line 302.
(pdftex.def)             Requested size: 3.99684pt x 3.99998pt.

Overfull \hbox (2.11804pt too wide) in paragraph at lines 302--302
[][]  
 []

File: ./images/logo_labiocom.png Graphic file (type png)
<use ./images/logo_labiocom.png>
Package pdftex.def Info: ./images/logo_labiocom.png  used on input line 302.
(pdftex.def)             Requested size: 48.36906pt x 48.36958pt.
File: ./images/GitHub-Logo.png Graphic file (type png)
<use ./images/GitHub-Logo.png>
Package pdftex.def Info: ./images/GitHub-Logo.png  used on input line 302.
(pdftex.def)             Requested size: 3.99684pt x 3.99998pt.

Overfull \hbox (2.11804pt too wide) has occurred while \output is active
[][] 
 []

File: ./images/logo_labiocom.png Graphic file (type png)
<use ./images/logo_labiocom.png>
Package pdftex.def Info: ./images/logo_labiocom.png  used on input line 302.
(pdftex.def)             Requested size: 48.36906pt x 48.36958pt.
[21

]
File: ./images/GitHub-Logo.png Graphic file (type png)
<use ./images/GitHub-Logo.png>
Package pdftex.def Info: ./images/GitHub-Logo.png  used on input line 316.
(pdftex.def)             Requested size: 3.99684pt x 3.99998pt.

Overfull \hbox (2.11804pt too wide) in paragraph at lines 316--316
[][]  
 []

File: ./images/logo_labiocom.png Graphic file (type png)
<use ./images/logo_labiocom.png>
Package pdftex.def Info: ./images/logo_labiocom.png  used on input line 316.
(pdftex.def)             Requested size: 48.36906pt x 48.36958pt.
<./images/cnn.png, id=867, 828.09375pt x 443.40656pt>
File: ./images/cnn.png Graphic file (type png)
<use ./images/cnn.png>
Package pdftex.def Info: ./images/cnn.png  used on input line 316.
(pdftex.def)             Requested size: 212.54472pt x 113.81102pt.
File: ./images/GitHub-Logo.png Graphic file (type png)
<use ./images/GitHub-Logo.png>
Package pdftex.def Info: ./images/GitHub-Logo.png  used on input line 316.
(pdftex.def)             Requested size: 3.99684pt x 3.99998pt.

Overfull \hbox (2.11804pt too wide) has occurred while \output is active
[][] 
 []

File: ./images/logo_labiocom.png Graphic file (type png)
<use ./images/logo_labiocom.png>
Package pdftex.def Info: ./images/logo_labiocom.png  used on input line 316.
(pdftex.def)             Requested size: 48.36906pt x 48.36958pt.
[22

 <./images/cnn.png>]
File: ./images/GitHub-Logo.png Graphic file (type png)
<use ./images/GitHub-Logo.png>
Package pdftex.def Info: ./images/GitHub-Logo.png  used on input line 345.
(pdftex.def)             Requested size: 3.99684pt x 3.99998pt.

Overfull \hbox (2.11804pt too wide) in paragraph at lines 345--345
[][]  
 []

File: ./images/logo_labiocom.png Graphic file (type png)
<use ./images/logo_labiocom.png>
Package pdftex.def Info: ./images/logo_labiocom.png  used on input line 345.
(pdftex.def)             Requested size: 48.36906pt x 48.36958pt.
LaTeX Font Info:    Trying to load font information for TS1+cmss on input line 
345.
(/usr/share/texlive/texmf-dist/tex/latex/base/ts1cmss.fd
File: ts1cmss.fd 2023/04/13 v2.5m Standard LaTeX font definitions
)
LaTeX Font Info:    Trying to load font information for U+fontawesomefree3 on i
nput line 345.

(/usr/share/texlive/texmf-dist/tex/latex/fontawesome5/ufontawesomefree3.fd)
Overfull \vbox (19.05275pt too high) detected at line 345
 []

File: ./images/GitHub-Logo.png Graphic file (type png)
<use ./images/GitHub-Logo.png>
Package pdftex.def Info: ./images/GitHub-Logo.png  used on input line 345.
(pdftex.def)             Requested size: 3.99684pt x 3.99998pt.

Overfull \hbox (2.11804pt too wide) has occurred while \output is active
[][] 
 []

File: ./images/logo_labiocom.png Graphic file (type png)
<use ./images/logo_labiocom.png>
Package pdftex.def Info: ./images/logo_labiocom.png  used on input line 345.
(pdftex.def)             Requested size: 48.36906pt x 48.36958pt.
[23

{/usr/share/texmf/fonts/enc/dvips/cm-super/cm-super-ts1.enc}{/usr/share/texlive
/texmf-dist/fonts/enc/dvips/fontawesome5/fa5free3.enc}]
File: ./images/GitHub-Logo.png Graphic file (type png)
<use ./images/GitHub-Logo.png>
Package pdftex.def Info: ./images/GitHub-Logo.png  used on input line 354.
(pdftex.def)             Requested size: 3.99684pt x 3.99998pt.

Overfull \hbox (2.11804pt too wide) in paragraph at lines 354--354
[][]  
 []

File: ./images/logo_labiocom.png Graphic file (type png)
<use ./images/logo_labiocom.png>
Package pdftex.def Info: ./images/logo_labiocom.png  used on input line 354.
(pdftex.def)             Requested size: 48.36906pt x 48.36958pt.
<./src/diagrama_rastreador_rede.png, id=944, 1004.553pt x 354.123pt>
File: ./src/diagrama_rastreador_rede.png Graphic file (type png)
<use ./src/diagrama_rastreador_rede.png>
Package pdftex.def Info: ./src/diagrama_rastreador_rede.png  used on input line
 354.
(pdftex.def)             Requested size: 398.3386pt x 140.42009pt.
File: ./images/GitHub-Logo.png Graphic file (type png)
<use ./images/GitHub-Logo.png>
Package pdftex.def Info: ./images/GitHub-Logo.png  used on input line 354.
(pdftex.def)             Requested size: 3.99684pt x 3.99998pt.

Overfull \hbox (2.11804pt too wide) has occurred while \output is active
[][] 
 []

File: ./images/logo_labiocom.png Graphic file (type png)
<use ./images/logo_labiocom.png>
Package pdftex.def Info: ./images/logo_labiocom.png  used on input line 354.
(pdftex.def)             Requested size: 48.36906pt x 48.36958pt.
[24

 <./src/diagrama_rastreador_rede.png>]
File: ./images/GitHub-Logo.png Graphic file (type png)
<use ./images/GitHub-Logo.png>
Package pdftex.def Info: ./images/GitHub-Logo.png  used on input line 367.
(pdftex.def)             Requested size: 3.99684pt x 3.99998pt.

Overfull \hbox (2.11804pt too wide) in paragraph at lines 367--367
[][]  
 []

File: ./images/logo_labiocom.png Graphic file (type png)
<use ./images/logo_labiocom.png>
Package pdftex.def Info: ./images/logo_labiocom.png  used on input line 367.
(pdftex.def)             Requested size: 48.36906pt x 48.36958pt.
<images/pytorch.png, id=981, 175.40532pt x 55.70813pt>
File: images/pytorch.png Graphic file (type png)
<use images/pytorch.png>
Package pdftex.def Info: images/pytorch.png  used on input line 367.
(pdftex.def)             Requested size: 223.98808pt x 71.13188pt.
File: ./images/GitHub-Logo.png Graphic file (type png)
<use ./images/GitHub-Logo.png>
Package pdftex.def Info: ./images/GitHub-Logo.png  used on input line 367.
(pdftex.def)             Requested size: 3.99684pt x 3.99998pt.

Overfull \hbox (2.11804pt too wide) has occurred while \output is active
[][] 
 []

File: ./images/logo_labiocom.png Graphic file (type png)
<use ./images/logo_labiocom.png>
Package pdftex.def Info: ./images/logo_labiocom.png  used on input line 367.
(pdftex.def)             Requested size: 48.36906pt x 48.36958pt.
[25

 <./images/pytorch.png>]
File: ./images/GitHub-Logo.png Graphic file (type png)
<use ./images/GitHub-Logo.png>
Package pdftex.def Info: ./images/GitHub-Logo.png  used on input line 376.
(pdftex.def)             Requested size: 3.99684pt x 3.99998pt.

Overfull \hbox (2.11804pt too wide) in paragraph at lines 376--376
[][]  
 []

File: ./images/logo_labiocom.png Graphic file (type png)
<use ./images/logo_labiocom.png>
Package pdftex.def Info: ./images/logo_labiocom.png  used on input line 376.
(pdftex.def)             Requested size: 48.36906pt x 48.36958pt.
File: ./images/GitHub-Logo.png Graphic file (type png)
<use ./images/GitHub-Logo.png>
Package pdftex.def Info: ./images/GitHub-Logo.png  used on input line 376.
(pdftex.def)             Requested size: 3.99684pt x 3.99998pt.

Overfull \hbox (2.11804pt too wide) has occurred while \output is active
[][] 
 []

File: ./images/logo_labiocom.png Graphic file (type png)
<use ./images/logo_labiocom.png>
Package pdftex.def Info: ./images/logo_labiocom.png  used on input line 376.
(pdftex.def)             Requested size: 48.36906pt x 48.36958pt.
[26

]
File: ./images/GitHub-Logo.png Graphic file (type png)
<use ./images/GitHub-Logo.png>
Package pdftex.def Info: ./images/GitHub-Logo.png  used on input line 385.
(pdftex.def)             Requested size: 3.99684pt x 3.99998pt.

Overfull \hbox (2.11804pt too wide) in paragraph at lines 385--385
[][]  
 []

File: ./images/logo_labiocom.png Graphic file (type png)
<use ./images/logo_labiocom.png>
Package pdftex.def Info: ./images/logo_labiocom.png  used on input line 385.
(pdftex.def)             Requested size: 48.36906pt x 48.36958pt.
File: ./images/GitHub-Logo.png Graphic file (type png)
<use ./images/GitHub-Logo.png>
Package pdftex.def Info: ./images/GitHub-Logo.png  used on input line 385.
(pdftex.def)             Requested size: 3.99684pt x 3.99998pt.

Overfull \hbox (2.11804pt too wide) has occurred while \output is active
[][] 
 []

File: ./images/logo_labiocom.png Graphic file (type png)
<use ./images/logo_labiocom.png>
Package pdftex.def Info: ./images/logo_labiocom.png  used on input line 385.
(pdftex.def)             Requested size: 48.36906pt x 48.36958pt.
[27

]
File: ./images/GitHub-Logo.png Graphic file (type png)
<use ./images/GitHub-Logo.png>
Package pdftex.def Info: ./images/GitHub-Logo.png  used on input line 394.
(pdftex.def)             Requested size: 3.99684pt x 3.99998pt.

Overfull \hbox (2.11804pt too wide) in paragraph at lines 394--394
[][]  
 []

File: ./images/logo_labiocom.png Graphic file (type png)
<use ./images/logo_labiocom.png>
Package pdftex.def Info: ./images/logo_labiocom.png  used on input line 394.
(pdftex.def)             Requested size: 48.36906pt x 48.36958pt.
File: ./images/GitHub-Logo.png Graphic file (type png)
<use ./images/GitHub-Logo.png>
Package pdftex.def Info: ./images/GitHub-Logo.png  used on input line 394.
(pdftex.def)             Requested size: 3.99684pt x 3.99998pt.

Overfull \hbox (2.11804pt too wide) has occurred while \output is active
[][] 
 []

File: ./images/logo_labiocom.png Graphic file (type png)
<use ./images/logo_labiocom.png>
Package pdftex.def Info: ./images/logo_labiocom.png  used on input line 394.
(pdftex.def)             Requested size: 48.36906pt x 48.36958pt.
[28

]
File: ./images/GitHub-Logo.png Graphic file (type png)
<use ./images/GitHub-Logo.png>
Package pdftex.def Info: ./images/GitHub-Logo.png  used on input line 406.
(pdftex.def)             Requested size: 3.99684pt x 3.99998pt.

Overfull \hbox (2.11804pt too wide) in paragraph at lines 406--406
[][]  
 []

File: ./images/logo_labiocom.png Graphic file (type png)
<use ./images/logo_labiocom.png>
Package pdftex.def Info: ./images/logo_labiocom.png  used on input line 406.
(pdftex.def)             Requested size: 48.36906pt x 48.36958pt.
File: ./images/GitHub-Logo.png Graphic file (type png)
<use ./images/GitHub-Logo.png>
Package pdftex.def Info: ./images/GitHub-Logo.png  used on input line 406.
(pdftex.def)             Requested size: 3.99684pt x 3.99998pt.

Overfull \hbox (2.11804pt too wide) has occurred while \output is active
[][] 
 []

File: ./images/logo_labiocom.png Graphic file (type png)
<use ./images/logo_labiocom.png>
Package pdftex.def Info: ./images/logo_labiocom.png  used on input line 406.
(pdftex.def)             Requested size: 48.36906pt x 48.36958pt.
[29

]
File: ./images/GitHub-Logo.png Graphic file (type png)
<use ./images/GitHub-Logo.png>
Package pdftex.def Info: ./images/GitHub-Logo.png  used on input line 414.
(pdftex.def)             Requested size: 3.99684pt x 3.99998pt.

Overfull \hbox (2.11804pt too wide) in paragraph at lines 414--414
[][]  
 []

File: ./images/logo_labiocom.png Graphic file (type png)
<use ./images/logo_labiocom.png>
Package pdftex.def Info: ./images/logo_labiocom.png  used on input line 414.
(pdftex.def)             Requested size: 48.36906pt x 48.36958pt.
File: ./images/GitHub-Logo.png Graphic file (type png)
<use ./images/GitHub-Logo.png>
Package pdftex.def Info: ./images/GitHub-Logo.png  used on input line 414.
(pdftex.def)             Requested size: 3.99684pt x 3.99998pt.

Overfull \hbox (2.11804pt too wide) has occurred while \output is active
[][] 
 []

File: ./images/logo_labiocom.png Graphic file (type png)
<use ./images/logo_labiocom.png>
Package pdftex.def Info: ./images/logo_labiocom.png  used on input line 414.
(pdftex.def)             Requested size: 48.36906pt x 48.36958pt.
[30

]
File: ./images/GitHub-Logo.png Graphic file (type png)
<use ./images/GitHub-Logo.png>
Package pdftex.def Info: ./images/GitHub-Logo.png  used on input line 421.
(pdftex.def)             Requested size: 3.99684pt x 3.99998pt.

Overfull \hbox (2.11804pt too wide) in paragraph at lines 421--421
[][]  
 []

File: ./images/logo_labiocom.png Graphic file (type png)
<use ./images/logo_labiocom.png>
Package pdftex.def Info: ./images/logo_labiocom.png  used on input line 421.
(pdftex.def)             Requested size: 48.36906pt x 48.36958pt.
\openout4 = `main.vrb'.

File: ./images/GitHub-Logo.png Graphic file (type png)
<use ./images/GitHub-Logo.png>
Package pdftex.def Info: ./images/GitHub-Logo.png  used on input line 449.
(pdftex.def)             Requested size: 3.99684pt x 3.99998pt.

Overfull \hbox (2.11804pt too wide) in paragraph at lines 449--449
[][]  
 []

File: ./images/logo_labiocom.png Graphic file (type png)
<use ./images/logo_labiocom.png>
Package pdftex.def Info: ./images/logo_labiocom.png  used on input line 449.
(pdftex.def)             Requested size: 48.36906pt x 48.36958pt.
(./main.vrb
LaTeX Font Info:    Trying to load font information for U+fontawesomebrands0 on
 input line 12.

(/usr/share/texlive/texmf-dist/tex/latex/fontawesome5/ufontawesomebrands0.fd)
LaTeX Font Info:    Font shape `U/fontawesomebrands0/solid/n' in size <9> not a
vailable
(Font)              Font shape `U/fontawesomebrands0/regular/n' tried instead o
n input line 12.
<./images/vaila.png, id=1200, 1557.56906pt x 1635.86156pt>
File: ./images/vaila.png Graphic file (type png)
<use ./images/vaila.png>
Package pdftex.def Info: ./images/vaila.png  used on input line 19.
(pdftex.def)             Requested size: 125.47525pt x 131.7702pt.
<images/python.png, id=1201, 301.125pt x 168.63pt>
File: images/python.png Graphic file (type png)
<use images/python.png>
Package pdftex.def Info: images/python.png  used on input line 23.
(pdftex.def)             Requested size: 45.72736pt x 25.6073pt.
<images/rust.png, id=1202, 1204.5pt x 602.25pt>
File: images/rust.png Graphic file (type png)
<use images/rust.png>
Package pdftex.def Info: images/rust.png  used on input line 24.
(pdftex.def)             Requested size: 51.20435pt x 25.6073pt.
)
File: ./images/GitHub-Logo.png Graphic file (type png)
<use ./images/GitHub-Logo.png>
Package pdftex.def Info: ./images/GitHub-Logo.png  used on input line 449.
(pdftex.def)             Requested size: 3.99684pt x 3.99998pt.

Overfull \hbox (2.11804pt too wide) has occurred while \output is active
[][] 
 []

File: ./images/logo_labiocom.png Graphic file (type png)
<use ./images/logo_labiocom.png>
Package pdftex.def Info: ./images/logo_labiocom.png  used on input line 449.
(pdftex.def)             Requested size: 48.36906pt x 48.36958pt.
[31

{/usr/share/texlive/texmf-dist/fonts/enc/dvips/fontawesome5/fa5brands0.enc} <./
images/vaila.png> <./images/python.png> <./images/rust.png (PNG copy)>]
File: ./images/GitHub-Logo.png Graphic file (type png)
<use ./images/GitHub-Logo.png>
Package pdftex.def Info: ./images/GitHub-Logo.png  used on input line 488.
(pdftex.def)             Requested size: 3.99684pt x 3.99998pt.

Overfull \hbox (2.11804pt too wide) in paragraph at lines 488--488
[][]  
 []

File: ./images/logo_labiocom.png Graphic file (type png)
<use ./images/logo_labiocom.png>
Package pdftex.def Info: ./images/logo_labiocom.png  used on input line 488.
(pdftex.def)             Requested size: 48.36906pt x 48.36958pt.
<images/variphone.png, id=1244, 715.17188pt x 446.41782pt>
File: images/variphone.png Graphic file (type png)
<use images/variphone.png>
Package pdftex.def Info: images/variphone.png  used on input line 488.
(pdftex.def)             Requested size: 136.74615pt x 85.35838pt.
<images/markerlessvariphone.png, id=1245, 740.7675pt x 492.33937pt>
File: images/markerlessvariphone.png Graphic file (type png)
<use images/markerlessvariphone.png>
Package pdftex.def Info: images/markerlessvariphone.png  used on input line 488
.
(pdftex.def)             Requested size: 128.4268pt x 85.35684pt.

Overfull \vbox (20.86879pt too high) detected at line 488
 []

File: ./images/GitHub-Logo.png Graphic file (type png)
<use ./images/GitHub-Logo.png>
Package pdftex.def Info: ./images/GitHub-Logo.png  used on input line 488.
(pdftex.def)             Requested size: 3.99684pt x 3.99998pt.

Overfull \hbox (2.11804pt too wide) has occurred while \output is active
[][] 
 []

File: ./images/logo_labiocom.png Graphic file (type png)
<use ./images/logo_labiocom.png>
Package pdftex.def Info: ./images/logo_labiocom.png  used on input line 488.
(pdftex.def)             Requested size: 48.36906pt x 48.36958pt.
[32

 <./images/variphone.png> <./images/markerlessvariphone.png>]
File: ./images/GitHub-Logo.png Graphic file (type png)
<use ./images/GitHub-Logo.png>
Package pdftex.def Info: ./images/GitHub-Logo.png  used on input line 513.
(pdftex.def)             Requested size: 3.99684pt x 3.99998pt.

Overfull \hbox (2.11804pt too wide) in paragraph at lines 513--513
[][]  
 []

File: ./images/logo_labiocom.png Graphic file (type png)
<use ./images/logo_labiocom.png>
Package pdftex.def Info: ./images/logo_labiocom.png  used on input line 513.
(pdftex.def)             Requested size: 48.36906pt x 48.36958pt.
<images/einsten_100anos.png, id=1288, 858.20625pt x 332.74312pt>
File: images/einsten_100anos.png Graphic file (type png)
<use images/einsten_100anos.png>
Package pdftex.def Info: images/einsten_100anos.png  used on input line 513.
(pdftex.def)             Requested size: 146.75742pt x 56.9055pt.
<images/einsten.png, id=1289, 225.84375pt x 126.4725pt>
File: images/einsten.png Graphic file (type png)
<use images/einsten.png>
Package pdftex.def Info: images/einsten.png  used on input line 513.
(pdftex.def)             Requested size: 152.4276pt x 85.35826pt.

Overfull \hbox (1.05699pt too wide) in paragraph at lines 513--513
 [][] 
 []

File: ./images/GitHub-Logo.png Graphic file (type png)
<use ./images/GitHub-Logo.png>
Package pdftex.def Info: ./images/GitHub-Logo.png  used on input line 513.
(pdftex.def)             Requested size: 3.99684pt x 3.99998pt.

Overfull \hbox (2.11804pt too wide) has occurred while \output is active
[][] 
 []

File: ./images/logo_labiocom.png Graphic file (type png)
<use ./images/logo_labiocom.png>
Package pdftex.def Info: ./images/logo_labiocom.png  used on input line 513.
(pdftex.def)             Requested size: 48.36906pt x 48.36958pt.
[33

 <./images/einsten_100anos.png> <./images/einsten.png>]
File: ./images/GitHub-Logo.png Graphic file (type png)
<use ./images/GitHub-Logo.png>
Package pdftex.def Info: ./images/GitHub-Logo.png  used on input line 530.
(pdftex.def)             Requested size: 3.99684pt x 3.99998pt.

Overfull \hbox (2.11804pt too wide) in paragraph at lines 530--530
[][]  
 []

File: ./images/logo_labiocom.png Graphic file (type png)
<use ./images/logo_labiocom.png>
Package pdftex.def Info: ./images/logo_labiocom.png  used on input line 530.
(pdftex.def)             Requested size: 48.36906pt x 48.36958pt.
File: ./images/GitHub-Logo.png Graphic file (type png)
<use ./images/GitHub-Logo.png>
Package pdftex.def Info: ./images/GitHub-Logo.png  used on input line 530.
(pdftex.def)             Requested size: 3.99684pt x 3.99998pt.

Overfull \hbox (2.11804pt too wide) has occurred while \output is active
[][] 
 []

File: ./images/logo_labiocom.png Graphic file (type png)
<use ./images/logo_labiocom.png>
Package pdftex.def Info: ./images/logo_labiocom.png  used on input line 530.
(pdftex.def)             Requested size: 48.36906pt x 48.36958pt.
[34

]
File: ./images/GitHub-Logo.png Graphic file (type png)
<use ./images/GitHub-Logo.png>
Package pdftex.def Info: ./images/GitHub-Logo.png  used on input line 556.
(pdftex.def)             Requested size: 3.99684pt x 3.99998pt.

Overfull \hbox (2.11804pt too wide) in paragraph at lines 556--556
[][]  
 []

File: ./images/logo_labiocom.png Graphic file (type png)
<use ./images/logo_labiocom.png>
Package pdftex.def Info: ./images/logo_labiocom.png  used on input line 556.
(pdftex.def)             Requested size: 48.36906pt x 48.36958pt.
LaTeX Font Info:    Font shape `U/fontawesomebrands0/solid/n' in size <10> not 
available
(Font)              Font shape `U/fontawesomebrands0/regular/n' tried instead o
n input line 556.

Overfull \hbox (3.40152pt too wide) in paragraph at lines 556--556
 []\OT1/cmss/m/n/10 https://github.com/paulopreto/CompVison[]ML[]MovSport[]2026
[]USP[] 
 []

File: ./images/GitHub-Logo.png Graphic file (type png)
<use ./images/GitHub-Logo.png>
Package pdftex.def Info: ./images/GitHub-Logo.png  used on input line 556.
(pdftex.def)             Requested size: 3.99684pt x 3.99998pt.

Overfull \hbox (2.11804pt too wide) has occurred while \output is active
[][] 
 []

File: ./images/logo_labiocom.png Graphic file (type png)
<use ./images/logo_labiocom.png>
Package pdftex.def Info: ./images/logo_labiocom.png  used on input line 556.
(pdftex.def)             Requested size: 48.36906pt x 48.36958pt.
[35

]
File: ./images/GitHub-Logo.png Graphic file (type png)
<use ./images/GitHub-Logo.png>
Package pdftex.def Info: ./images/GitHub-Logo.png  used on input line 562.
(pdftex.def)             Requested size: 3.99684pt x 3.99998pt.

Overfull \hbox (2.11804pt too wide) in paragraph at lines 562--562
[][]  
 []

File: ./images/logo_labiocom.png Graphic file (type png)
<use ./images/logo_labiocom.png>
Package pdftex.def Info: ./images/logo_labiocom.png  used on input line 562.
(pdftex.def)             Requested size: 48.36906pt x 48.36958pt.
(./main.bbl)
File: ./images/GitHub-Logo.png Graphic file (type png)
<use ./images/GitHub-Logo.png>
Package pdftex.def Info: ./images/GitHub-Logo.png  used on input line 562.
(pdftex.def)             Requested size: 3.99684pt x 3.99998pt.

Overfull \hbox (2.11804pt too wide) has occurred while \output is active
[][] 
 []

File: ./images/logo_labiocom.png Graphic file (type png)
<use ./images/logo_labiocom.png>
Package pdftex.def Info: ./images/logo_labiocom.png  used on input line 562.
(pdftex.def)             Requested size: 48.36906pt x 48.36958pt.
[36

 </usr/share/texlive/texmf-dist/tex/latex/beamer/beamericonarticle.pdf>]
File: ./images/GitHub-Logo.png Graphic file (type png)
<use ./images/GitHub-Logo.png>
Package pdftex.def Info: ./images/GitHub-Logo.png  used on input line 562.
(pdftex.def)             Requested size: 3.99684pt x 3.99998pt.

Overfull \hbox (2.11804pt too wide) has occurred while \output is active
[][] 
 []

File: ./images/logo_labiocom.png Graphic file (type png)
<use ./images/logo_labiocom.png>
Package pdftex.def Info: ./images/logo_labiocom.png  used on input line 562.
(pdftex.def)             Requested size: 48.36906pt x 48.36958pt.
[37


]
\tf@nav=\write6
\openout6 = `main.nav'.

\tf@toc=\write7
\openout7 = `main.toc'.

\tf@snm=\write8
\openout8 = `main.snm'.

 (./main.aux)
 ***********
LaTeX2e <2023-11-01> patch level 1
L3 programming layer <2024-01-22>
 ***********


LaTeX Font Warning: Some font shapes were not available, defaults substituted.

Package rerunfilecheck Info: File `main.out' has not changed.
(rerunfilecheck)             Checksum: E6AF1A940AACE8DAEEBA2EDE36400CF8;1147.
 ) 
Here is how much of TeX's memory you used:
 33641 strings out of 474222
 681278 string characters out of 5748733
 1942975 words of memory out of 5000000
 55174 multiletter control sequences out of 15000+600000
 584873 words of font info for 120 fonts, out of 8000000 for 9000
 1141 hyphenation exceptions out of 8191
 128i,20n,123p,406b,847s stack positions out of 10000i,1000n,20000p,200000b,200000s
</usr/share/texlive/texmf-dist/fonts/type1/public/fontawesome5/FontAwesome5Br
ands-Regular.pfb></usr/share/texlive/texmf-dist/fonts/type1/public/fontawesome5
/FontAwesome5Free-Solid.pfb></usr/share/texlive/texmf-dist/fonts/type1/public/a
msfonts/cm/cmmi10.pfb></usr/share/texlive/texmf-dist/fonts/type1/public/amsfont
s/cm/cmss10.pfb></usr/share/texlive/texmf-dist/fonts/type1/public/amsfonts/cm/c
mss12.pfb></usr/share/texlive/texmf-dist/fonts/type1/public/amsfonts/cm/cmss17.
pfb></usr/share/texlive/texmf-dist/fonts/type1/public/amsfonts/cm/cmss8.pfb></u
sr/share/texlive/texmf-dist/fonts/type1/public/amsfonts/cm/cmss9.pfb></usr/shar
e/texlive/texmf-dist/fonts/type1/public/amsfonts/cm/cmssbx10.pfb></usr/share/te
xlive/texmf-dist/fonts/type1/public/amsfonts/cm/cmssi10.pfb></usr/share/texlive
/texmf-dist/fonts/type1/public/amsfonts/cm/cmssi12.pfb></usr/share/texlive/texm
f-dist/fonts/type1/public/amsfonts/cm/cmssi8.pfb></usr/share/texlive/texmf-dist
/fonts/type1/public/amsfonts/cm/cmssi9.pfb></usr/share/texlive/texmf-dist/fonts
/type1/public/amsfonts/cm/cmsy10.pfb></usr/share/texlive/texmf-dist/fonts/type1
/public/amsfonts/cm/cmtt10.pfb></usr/share/texlive/texmf-dist/fonts/type1/publi
c/amsfonts/cm/cmtt8.pfb></usr/share/texmf/fonts/type1/public/cm-super/sfss0800.
pfb></usr/share/texmf/fonts/type1/public/cm-super/sfss1095.pfb>
Output written on main.pdf (37 pages, 23416261 bytes).
PDF statistics:
 1574 PDF objects out of 1728 (max. 8388607)
 1223 compressed objects within 13 object streams
 83 named destinations out of 1000 (max. 500000)
 277 words of extra memory for PDF output out of 10000 (max. 10000000)

